<?xml version="1.0" encoding="UTF-8"?>

<observations timestamp="1711729057">
    <station>
        <name>Kuressaare linn</name>
        <wmocode></wmocode>
        <longitude>22.48944444411111</longitude>
        <latitude>58.26416666666667</latitude>
        <phenomenon></phenomenon>
        <visibility></visibility>
        <precipitations></precipitations>
        <airpressure></airpressure>
        <relativehumidity>85</relativehumidity>
        <airtemperature>6.4</airtemperature>
        <winddirection></winddirection>
        <windspeed></windspeed>
        <windspeedmax></windspeedmax>
        <waterlevel></waterlevel>
        <waterlevel_eh2000></waterlevel_eh2000>
        <watertemperature></watertemperature>
        <uvindex></uvindex>
        <sunshineduration></sunshineduration>
        <globalradiation></globalradiation>
    </station>
    <station>
        <name>Tallinn-Harku</name>
        <wmocode>26038</wmocode>
        <longitude>24.602891666624284</longitude>
        <latitude>59.398122222355134</latitude>
        <phenomenon></phenomenon>
        <visibility>26.0</visibility>
        <precipitations>0.1</precipitations>
        <airpressure>997.4</airpressure>
        <relativehumidity>92</relativehumidity>
        <airtemperature>6.1</airtemperature>
        <winddirection>247</winddirection>
        <windspeed>4.4</windspeed>
        <windspeedmax>8</windspeedmax>
        <waterlevel></waterlevel>
        <waterlevel_eh2000></waterlevel_eh2000>
        <watertemperature></watertemperature>
        <uvindex>0.1</uvindex>
        <sunshineduration>0</sunshineduration>
        <globalradiation>13</globalradiation>
    </station>
    <station>
        <name>Pakri</name>
        <wmocode>26029</wmocode>
        <longitude>24.040080555476536</longitude>
        <latitude>59.38950277719013</latitude>
        <phenomenon></phenomenon>
        <visibility>26.0</visibility>
        <precipitations>0</precipitations>
        <airpressure>997.4</airpressure>
        <relativehumidity>94</relativehumidity>
        <airtemperature>4.2</airtemperature>
        <winddirection>219</winddirection>
        <windspeed>9</windspeed>
        <windspeedmax>11.8</windspeedmax>
        <waterlevel></waterlevel>
        <waterlevel_eh2000></waterlevel_eh2000>
        <watertemperature></watertemperature>
        <uvindex></uvindex>
        <sunshineduration></sunshineduration>
        <globalradiation></globalradiation>
    </station>
    <station>
        <name>Kunda</name>
        <wmocode>26045</wmocode>
        <longitude>26.541397222079624</longitude>
        <latitude>59.52141111042325</latitude>
        <phenomenon></phenomenon>
        <visibility>31.0</visibility>
        <precipitations>0</precipitations>
        <airpressure>996.7</airpressure>
        <relativehumidity>91</relativehumidity>
        <airtemperature>7.4</airtemperature>
        <winddirection>239</winddirection>
        <windspeed>5.6</windspeed>
        <windspeedmax>8.4</windspeedmax>
        <waterlevel></waterlevel>
        <waterlevel_eh2000>24</waterlevel_eh2000>
        <watertemperature>3.4</watertemperature>
        <uvindex></uvindex>
        <sunshineduration></sunshineduration>
        <globalradiation></globalradiation>
    </station>
    <station>
        <name>Jõhvi</name>
        <wmocode>26046</wmocode>
        <longitude>27.39827499992098</longitude>
        <latitude>59.32902499979958</latitude>
        <phenomenon>Light rain</phenomenon>
        <visibility>7.0</visibility>
        <precipitations>1.5</precipitations>
        <airpressure>997</airpressure>
        <relativehumidity>94</relativehumidity>
        <airtemperature>6.9</airtemperature>
        <winddirection>257</winddirection>
        <windspeed>4.4</windspeed>
        <windspeedmax>7.7</windspeedmax>
        <waterlevel></waterlevel>
        <waterlevel_eh2000></waterlevel_eh2000>
        <watertemperature></watertemperature>
        <uvindex></uvindex>
        <sunshineduration>21</sunshineduration>
        <globalradiation></globalradiation>
    </station>
    <station>
        <name>Narva</name>
        <wmocode>26058</wmocode>
        <longitude>28.10933333290948</longitude>
        <latitude>59.38952777723252</latitude>
        <phenomenon>Light rain</phenomenon>
        <visibility>7.0</visibility>
        <precipitations>1.8</precipitations>
        <airpressure>996.7</airpressure>
        <relativehumidity>96</relativehumidity>
        <airtemperature>7.2</airtemperature>
        <winddirection>258</winddirection>
        <windspeed>4.6</windspeed>
        <windspeedmax>6.4</windspeedmax>
        <waterlevel></waterlevel>
        <waterlevel_eh2000></waterlevel_eh2000>
        <watertemperature></watertemperature>
        <uvindex></uvindex>
        <sunshineduration></sunshineduration>
        <globalradiation>4</globalradiation>
    </station>
    <station>
        <name>Väike-Maarja</name>
        <wmocode>26141</wmocode>
        <longitude>26.2307361108683</longitude>
        <latitude>59.141347221994856</latitude>
        <phenomenon>Mist</phenomenon>
        <visibility>4.0</visibility>
        <precipitations>0</precipitations>
        <airpressure>997.7</airpressure>
        <relativehumidity>96</relativehumidity>
        <airtemperature>5.9</airtemperature>
        <winddirection>247</winddirection>
        <windspeed>5.4</windspeed>
        <windspeedmax>8.3</windspeedmax>
        <waterlevel></waterlevel>
        <waterlevel_eh2000></waterlevel_eh2000>
        <watertemperature></watertemperature>
        <uvindex></uvindex>
        <sunshineduration></sunshineduration>
        <globalradiation></globalradiation>
    </station>
    <station>
        <name>Tiirikoja</name>
        <wmocode>26145</wmocode>
        <longitude>26.952113888925975</longitude>
        <latitude>58.86540277798971</latitude>
        <phenomenon></phenomenon>
        <visibility>20.0</visibility>
        <precipitations>0</precipitations>
        <airpressure>997.9</airpressure>
        <relativehumidity>85</relativehumidity>
        <airtemperature>6.9</airtemperature>
        <winddirection></winddirection>
        <windspeed></windspeed>
        <windspeedmax></windspeedmax>
        <waterlevel></waterlevel>
        <waterlevel_eh2000></waterlevel_eh2000>
        <watertemperature></watertemperature>
        <uvindex></uvindex>
        <sunshineduration>32</sunshineduration>
        <globalradiation>15</globalradiation>
    </station>
    <station>
        <name>Jõgeva</name>
        <wmocode>26144</wmocode>
        <longitude>26.41500555568271</longitude>
        <latitude>58.74983611073539</latitude>
        <phenomenon></phenomenon>
        <visibility>20.0</visibility>
        <precipitations>0</precipitations>
        <airpressure>998.6</airpressure>
        <relativehumidity>87</relativehumidity>
        <airtemperature>6.2</airtemperature>
        <winddirection>245</winddirection>
        <windspeed>4.1</windspeed>
        <windspeedmax>8.3</windspeedmax>
        <waterlevel>66</waterlevel>
        <waterlevel_eh2000></waterlevel_eh2000>
        <watertemperature></watertemperature>
        <uvindex></uvindex>
        <sunshineduration>0</sunshineduration>
        <globalradiation></globalradiation>
    </station>
    <station>
        <name>Tartu-Tõravere</name>
        <wmocode>26242</wmocode>
        <longitude>26.46130555576748</longitude>
        <latitude>58.264072222179834</latitude>
        <phenomenon>Mist</phenomenon>
        <visibility>9.0</visibility>
        <precipitations>0</precipitations>
        <airpressure>1000</airpressure>
        <relativehumidity>91</relativehumidity>
        <airtemperature>6.1</airtemperature>
        <winddirection>253</winddirection>
        <windspeed>5.1</windspeed>
        <windspeedmax>9.5</windspeedmax>
        <waterlevel></waterlevel>
        <waterlevel_eh2000></waterlevel_eh2000>
        <watertemperature></watertemperature>
        <uvindex></uvindex>
        <sunshineduration>0</sunshineduration>
        <globalradiation>12</globalradiation>
    </station>
    <station>
        <name>Võru</name>
        <wmocode>26249</wmocode>
        <longitude>27.01950555496306</longitude>
        <latitude>57.84627777702059</latitude>
        <phenomenon></phenomenon>
        <visibility>20.0</visibility>
        <precipitations>0</precipitations>
        <airpressure>1000.7</airpressure>
        <relativehumidity>86</relativehumidity>
        <airtemperature>6.5</airtemperature>
        <winddirection>249</winddirection>
        <windspeed>4.6</windspeed>
        <windspeedmax>8</windspeedmax>
        <waterlevel></waterlevel>
        <waterlevel_eh2000></waterlevel_eh2000>
        <watertemperature></watertemperature>
        <uvindex></uvindex>
        <sunshineduration>0</sunshineduration>
        <globalradiation></globalradiation>
    </station>
    <station>
        <name>Valga</name>
        <wmocode>26247</wmocode>
        <longitude>26.037733333042386</longitude>
        <latitude>57.79004999975144</latitude>
        <phenomenon></phenomenon>
        <visibility>35.0</visibility>
        <precipitations>0</precipitations>
        <airpressure>1001.2</airpressure>
        <relativehumidity>87</relativehumidity>
        <airtemperature>6.3</airtemperature>
        <winddirection>248</winddirection>
        <windspeed>4.6</windspeed>
        <windspeedmax>8.3</windspeedmax>
        <waterlevel></waterlevel>
        <waterlevel_eh2000></waterlevel_eh2000>
        <watertemperature></watertemperature>
        <uvindex></uvindex>
        <sunshineduration></sunshineduration>
        <globalradiation></globalradiation>
    </station>
    <station>
        <name>Viljandi</name>
        <wmocode>26233</wmocode>
        <longitude>25.60015555555622</longitude>
        <latitude>58.37777499979958</latitude>
        <phenomenon></phenomenon>
        <visibility>15.0</visibility>
        <precipitations>0</precipitations>
        <airpressure>999.9</airpressure>
        <relativehumidity>90</relativehumidity>
        <airtemperature>5.7</airtemperature>
        <winddirection>244</winddirection>
        <windspeed>4</windspeed>
        <windspeedmax>7</windspeedmax>
        <waterlevel></waterlevel>
        <waterlevel_eh2000></waterlevel_eh2000>
        <watertemperature></watertemperature>
        <uvindex></uvindex>
        <sunshineduration>1</sunshineduration>
        <globalradiation></globalradiation>
    </station>
    <station>
        <name>Türi</name>
        <wmocode>26135</wmocode>
        <longitude>25.40915555530124</longitude>
        <latitude>58.80870833343929</latitude>
        <phenomenon>Light rain</phenomenon>
        <visibility>6.0</visibility>
        <precipitations>0</precipitations>
        <airpressure>998.9</airpressure>
        <relativehumidity>92.728</relativehumidity>
        <airtemperature>5.6</airtemperature>
        <winddirection>226</winddirection>
        <windspeed>3.7</windspeed>
        <windspeedmax>6.9</windspeedmax>
        <waterlevel></waterlevel>
        <waterlevel_eh2000></waterlevel_eh2000>
        <watertemperature></watertemperature>
        <uvindex></uvindex>
        <sunshineduration></sunshineduration>
        <globalradiation></globalradiation>
    </station>
    <station>
        <name>Kuusiku</name>
        <wmocode>26134</wmocode>
        <longitude>24.733944444124358</longitude>
        <latitude>58.973174999418106</latitude>
        <phenomenon></phenomenon>
        <visibility>14.0</visibility>
        <precipitations>0.3</precipitations>
        <airpressure>998.6</airpressure>
        <relativehumidity>96</relativehumidity>
        <airtemperature>5.6</airtemperature>
        <winddirection>228</winddirection>
        <windspeed>2.9</windspeed>
        <windspeedmax>5.8</windspeedmax>
        <waterlevel></waterlevel>
        <waterlevel_eh2000></waterlevel_eh2000>
        <watertemperature></watertemperature>
        <uvindex></uvindex>
        <sunshineduration>0</sunshineduration>
        <globalradiation></globalradiation>
    </station>
    <station>
        <name>Lääne-Nigula</name>
        <wmocode>26124</wmocode>
        <longitude>23.81566666709052</longitude>
        <latitude>58.951083333359826</latitude>
        <phenomenon></phenomenon>
        <visibility>20.0</visibility>
        <precipitations>0</precipitations>
        <airpressure>998.5</airpressure>
        <relativehumidity>90</relativehumidity>
        <airtemperature>5.4</airtemperature>
        <winddirection>223</winddirection>
        <windspeed>4.1</windspeed>
        <windspeedmax>5.7</windspeedmax>
        <waterlevel></waterlevel>
        <waterlevel_eh2000></waterlevel_eh2000>
        <watertemperature></watertemperature>
        <uvindex></uvindex>
        <sunshineduration>0</sunshineduration>
        <globalradiation></globalradiation>
    </station>
    <station>
        <name>Virtsu</name>
        <wmocode>26128</wmocode>
        <longitude>23.51355555534363</longitude>
        <latitude>58.572674999100215</latitude>
        <phenomenon></phenomenon>
        <visibility>22.0</visibility>
        <precipitations>0</precipitations>
        <airpressure>999.4</airpressure>
        <relativehumidity>93.23</relativehumidity>
        <airtemperature>3.8</airtemperature>
        <winddirection>206</winddirection>
        <windspeed>3.4</windspeed>
        <windspeedmax>6.3</windspeedmax>
        <waterlevel></waterlevel>
        <waterlevel_eh2000>19</waterlevel_eh2000>
        <watertemperature>2</watertemperature>
        <uvindex></uvindex>
        <sunshineduration></sunshineduration>
        <globalradiation></globalradiation>
    </station>
    <station>
        <name>Pärnu-Sauga</name>
        <wmocode>26231</wmocode>
        <longitude>24.46957222156615</longitude>
        <latitude>58.41968888825401</latitude>
        <phenomenon></phenomenon>
        <visibility></visibility>
        <precipitations></precipitations>
        <airpressure></airpressure>
        <relativehumidity></relativehumidity>
        <airtemperature></airtemperature>
        <winddirection></winddirection>
        <windspeed></windspeed>
        <windspeedmax></windspeedmax>
        <waterlevel></waterlevel>
        <waterlevel_eh2000></waterlevel_eh2000>
        <watertemperature></watertemperature>
        <uvindex></uvindex>
        <sunshineduration></sunshineduration>
        <globalradiation></globalradiation>
    </station>
    <station>
        <name>Kihnu</name>
        <wmocode>26226</wmocode>
        <longitude>23.97016666610596</longitude>
        <latitude>58.0986388881317</latitude>
        <phenomenon></phenomenon>
        <visibility>25.0</visibility>
        <precipitations>0</precipitations>
        <airpressure>1000.3</airpressure>
        <relativehumidity>95</relativehumidity>
        <airtemperature>3.8</airtemperature>
        <winddirection>214</winddirection>
        <windspeed>5.2</windspeed>
        <windspeedmax>6.1</windspeedmax>
        <waterlevel></waterlevel>
        <waterlevel_eh2000></waterlevel_eh2000>
        <watertemperature></watertemperature>
        <uvindex></uvindex>
        <sunshineduration></sunshineduration>
        <globalradiation></globalradiation>
    </station>
    <station>
        <name>Ruhnu</name>
        <wmocode>26227</wmocode>
        <longitude>23.258883333206178</longitude>
        <latitude>57.78339444411078</latitude>
        <phenomenon></phenomenon>
        <visibility>30.0</visibility>
        <precipitations>0</precipitations>
        <airpressure>1000.7</airpressure>
        <relativehumidity>91</relativehumidity>
        <airtemperature>4.1</airtemperature>
        <winddirection>204</winddirection>
        <windspeed>3.3</windspeed>
        <windspeedmax>5.2</windspeedmax>
        <waterlevel></waterlevel>
        <waterlevel_eh2000>25</waterlevel_eh2000>
        <watertemperature>3.527</watertemperature>
        <uvindex></uvindex>
        <sunshineduration></sunshineduration>
        <globalradiation></globalradiation>
    </station>
    <station>
        <name>Vilsandi</name>
        <wmocode>26214</wmocode>
        <longitude>21.81422222243415</longitude>
        <latitude>58.38277777711111</latitude>
        <phenomenon>Mist</phenomenon>
        <visibility>10.0</visibility>
        <precipitations>0</precipitations>
        <airpressure>999.1</airpressure>
        <relativehumidity>94</relativehumidity>
        <airtemperature>4.5</airtemperature>
        <winddirection>220</winddirection>
        <windspeed>5.7</windspeed>
        <windspeedmax>8.1</windspeedmax>
        <waterlevel></waterlevel>
        <waterlevel_eh2000></waterlevel_eh2000>
        <watertemperature></watertemperature>
        <uvindex></uvindex>
        <sunshineduration>87</sunshineduration>
        <globalradiation>100</globalradiation>
    </station>
    <station>
        <name>Sõrve</name>
        <wmocode>26218</wmocode>
        <longitude>22.0579083331426</longitude>
        <latitude>57.91359444406297</latitude>
        <phenomenon></phenomenon>
        <visibility>16.0</visibility>
        <precipitations>0</precipitations>
        <airpressure>999.9</airpressure>
        <relativehumidity>93</relativehumidity>
        <airtemperature>4.5</airtemperature>
        <winddirection>236</winddirection>
        <windspeed>8.1</windspeed>
        <windspeedmax>10.1</windspeedmax>
        <waterlevel></waterlevel>
        <waterlevel_eh2000></waterlevel_eh2000>
        <watertemperature></watertemperature>
        <uvindex></uvindex>
        <sunshineduration>134</sunshineduration>
        <globalradiation></globalradiation>
    </station>
    <station>
        <name>Ristna</name>
        <wmocode>26115</wmocode>
        <longitude>22.066300000084773</longitude>
        <latitude>58.92095277719588</latitude>
        <phenomenon></phenomenon>
        <visibility>16.0</visibility>
        <precipitations>0</precipitations>
        <airpressure>998.5</airpressure>
        <relativehumidity>94</relativehumidity>
        <airtemperature>3.9</airtemperature>
        <winddirection>228</winddirection>
        <windspeed>3.5</windspeed>
        <windspeedmax>5.3</windspeedmax>
        <waterlevel></waterlevel>
        <waterlevel_eh2000>10</waterlevel_eh2000>
        <watertemperature>4.6</watertemperature>
        <uvindex></uvindex>
        <sunshineduration>11</sunshineduration>
        <globalradiation></globalradiation>
    </station>
    <station>
        <name>Haapsalu</name>
        <wmocode>26123</wmocode>
        <longitude>23.55527777777778</longitude>
        <latitude>58.945277777444446</latitude>
        <phenomenon></phenomenon>
        <visibility></visibility>
        <precipitations>0</precipitations>
        <airpressure>998.6</airpressure>
        <relativehumidity>87</relativehumidity>
        <airtemperature>5.5</airtemperature>
        <winddirection>236</winddirection>
        <windspeed>2.8</windspeed>
        <windspeedmax>4.9</windspeedmax>
        <waterlevel></waterlevel>
        <waterlevel_eh2000></waterlevel_eh2000>
        <watertemperature></watertemperature>
        <uvindex>0.0</uvindex>
        <sunshineduration></sunshineduration>
        <globalradiation>40</globalradiation>
    </station>
    <station>
        <name>Tooma</name>
        <wmocode>26147</wmocode>
        <longitude>26.27277777711111</longitude>
        <latitude>58.87277777711111</latitude>
        <phenomenon></phenomenon>
        <visibility></visibility>
        <precipitations>0</precipitations>
        <airpressure>998.4</airpressure>
        <relativehumidity>91</relativehumidity>
        <airtemperature>5.7</airtemperature>
        <winddirection>225</winddirection>
        <windspeed>2.6</windspeed>
        <windspeedmax>6.7</windspeedmax>
        <waterlevel></waterlevel>
        <waterlevel_eh2000></waterlevel_eh2000>
        <watertemperature></watertemperature>
        <uvindex></uvindex>
        <sunshineduration></sunshineduration>
        <globalradiation></globalradiation>
    </station>
    <station>
        <name>Naissaare</name>
        <wmocode>26034</wmocode>
        <longitude>24.563333333333333</longitude>
        <latitude>59.540833333</latitude>
        <phenomenon></phenomenon>
        <visibility></visibility>
        <precipitations></precipitations>
        <airpressure></airpressure>
        <relativehumidity></relativehumidity>
        <airtemperature></airtemperature>
        <winddirection>239</winddirection>
        <windspeed>5.6</windspeed>
        <windspeedmax>10.1</windspeedmax>
        <waterlevel></waterlevel>
        <waterlevel_eh2000></waterlevel_eh2000>
        <watertemperature></watertemperature>
        <uvindex></uvindex>
        <sunshineduration></sunshineduration>
        <globalradiation></globalradiation>
    </station>
    <station>
        <name>Vaindloo</name>
        <wmocode></wmocode>
        <longitude>26.361111111111114</longitude>
        <latitude>59.81694444377778</latitude>
        <phenomenon></phenomenon>
        <visibility></visibility>
        <precipitations></precipitations>
        <airpressure></airpressure>
        <relativehumidity></relativehumidity>
        <airtemperature></airtemperature>
        <winddirection>257</winddirection>
        <windspeed>5.8</windspeed>
        <windspeedmax>6.8</windspeedmax>
        <waterlevel></waterlevel>
        <waterlevel_eh2000></waterlevel_eh2000>
        <watertemperature></watertemperature>
        <uvindex></uvindex>
        <sunshineduration></sunshineduration>
        <globalradiation></globalradiation>
    </station>
    <station>
        <name>Osmussaare</name>
        <wmocode>26027</wmocode>
        <longitude>23.360555555555557</longitude>
        <latitude>59.303888888888885</latitude>
        <phenomenon></phenomenon>
        <visibility></visibility>
        <precipitations></precipitations>
        <airpressure></airpressure>
        <relativehumidity></relativehumidity>
        <airtemperature></airtemperature>
        <winddirection>261</winddirection>
        <windspeed>9.8</windspeed>
        <windspeedmax>12.8</windspeedmax>
        <waterlevel></waterlevel>
        <waterlevel_eh2000></waterlevel_eh2000>
        <watertemperature></watertemperature>
        <uvindex></uvindex>
        <sunshineduration></sunshineduration>
        <globalradiation></globalradiation>
    </station>
    <station>
        <name>Paldiski (Põhjasadam)</name>
        <wmocode>86100</wmocode>
        <longitude>24.04749999966667</longitude>
        <latitude>59.34972222188889</latitude>
        <phenomenon></phenomenon>
        <visibility></visibility>
        <precipitations></precipitations>
        <airpressure></airpressure>
        <relativehumidity></relativehumidity>
        <airtemperature></airtemperature>
        <winddirection>257</winddirection>
        <windspeed>9.1</windspeed>
        <windspeedmax>11.7</windspeedmax>
        <waterlevel></waterlevel>
        <waterlevel_eh2000>6</waterlevel_eh2000>
        <watertemperature>3.4</watertemperature>
        <uvindex></uvindex>
        <sunshineduration></sunshineduration>
        <globalradiation></globalradiation>
    </station>
    <station>
        <name>Pärnu</name>
        <wmocode>41803</wmocode>
        <longitude>24.485197221899487</longitude>
        <latitude>58.38456666634923</latitude>
        <phenomenon></phenomenon>
        <visibility>22.0</visibility>
        <precipitations>0</precipitations>
        <airpressure>999.9</airpressure>
        <relativehumidity>91</relativehumidity>
        <airtemperature>5.1</airtemperature>
        <winddirection>204</winddirection>
        <windspeed>3.8</windspeed>
        <windspeedmax>6.5</windspeedmax>
        <waterlevel></waterlevel>
        <waterlevel_eh2000>16</waterlevel_eh2000>
        <watertemperature>5.4</watertemperature>
        <uvindex>0.0</uvindex>
        <sunshineduration>0</sunshineduration>
        <globalradiation>32</globalradiation>
    </station>
    <station>
        <name>Rohuküla</name>
        <wmocode>86109</wmocode>
        <longitude>23.425647222064182</longitude>
        <latitude>58.90451111104753</latitude>
        <phenomenon></phenomenon>
        <visibility></visibility>
        <precipitations></precipitations>
        <airpressure></airpressure>
        <relativehumidity></relativehumidity>
        <airtemperature></airtemperature>
        <winddirection></winddirection>
        <windspeed></windspeed>
        <windspeedmax></windspeedmax>
        <waterlevel></waterlevel>
        <waterlevel_eh2000></waterlevel_eh2000>
        <watertemperature></watertemperature>
        <uvindex></uvindex>
        <sunshineduration></sunshineduration>
        <globalradiation></globalradiation>
    </station>
    <station>
        <name>Heltermaa</name>
        <wmocode>26120</wmocode>
        <longitude>23.043741666672418</longitude>
        <latitude>58.864205555386015</latitude>
        <phenomenon></phenomenon>
        <visibility>43.0</visibility>
        <precipitations>0</precipitations>
        <airpressure>998.6</airpressure>
        <relativehumidity>86</relativehumidity>
        <airtemperature>6.5</airtemperature>
        <winddirection>233</winddirection>
        <windspeed>2</windspeed>
        <windspeedmax>4.3</windspeedmax>
        <waterlevel></waterlevel>
        <waterlevel_eh2000></waterlevel_eh2000>
        <watertemperature></watertemperature>
        <uvindex></uvindex>
        <sunshineduration></sunshineduration>
        <globalradiation></globalradiation>
    </station>
    <station>
        <name>Roomassaare</name>
        <wmocode>26215</wmocode>
        <longitude>22.50638888888889</longitude>
        <latitude>58.21805555488889</latitude>
        <phenomenon></phenomenon>
        <visibility>11.0</visibility>
        <precipitations>0</precipitations>
        <airpressure>999.8</airpressure>
        <relativehumidity>97</relativehumidity>
        <airtemperature>3.3</airtemperature>
        <winddirection>252</winddirection>
        <windspeed>6.4</windspeed>
        <windspeedmax>8</windspeedmax>
        <waterlevel></waterlevel>
        <waterlevel_eh2000>25</waterlevel_eh2000>
        <watertemperature>1.9</watertemperature>
        <uvindex>0.1</uvindex>
        <sunshineduration>85</sunshineduration>
        <globalradiation>145</globalradiation>
    </station>
    <station>
        <name>Kõrgessaare</name>
        <wmocode></wmocode>
        <longitude>22.46472222222222</longitude>
        <latitude>58.99305555522222</latitude>
        <phenomenon></phenomenon>
        <visibility></visibility>
        <precipitations></precipitations>
        <airpressure></airpressure>
        <relativehumidity></relativehumidity>
        <airtemperature></airtemperature>
        <winddirection>232</winddirection>
        <windspeed>5.9</windspeed>
        <windspeedmax>9.4</windspeedmax>
        <waterlevel></waterlevel>
        <waterlevel_eh2000></waterlevel_eh2000>
        <watertemperature></watertemperature>
        <uvindex></uvindex>
        <sunshineduration></sunshineduration>
        <globalradiation></globalradiation>
    </station>
    <station>
        <name>Mõntu</name>
        <wmocode></wmocode>
        <longitude>22.124166666</longitude>
        <latitude>57.94944444411111</latitude>
        <phenomenon></phenomenon>
        <visibility></visibility>
        <precipitations></precipitations>
        <airpressure></airpressure>
        <relativehumidity></relativehumidity>
        <airtemperature>5.1</airtemperature>
        <winddirection>235</winddirection>
        <windspeed>5.1</windspeed>
        <windspeedmax>8.9</windspeedmax>
        <waterlevel></waterlevel>
        <waterlevel_eh2000>20</waterlevel_eh2000>
        <watertemperature>3.8</watertemperature>
        <uvindex></uvindex>
        <sunshineduration></sunshineduration>
        <globalradiation></globalradiation>
    </station>
    <station>
        <name>Häädemeeste</name>
        <wmocode>86031</wmocode>
        <longitude>24.458055555555553</longitude>
        <latitude>58.03666666633333</latitude>
        <phenomenon></phenomenon>
        <visibility></visibility>
        <precipitations>0</precipitations>
        <airpressure></airpressure>
        <relativehumidity></relativehumidity>
        <airtemperature>5.6</airtemperature>
        <winddirection>211</winddirection>
        <windspeed>8.2</windspeed>
        <windspeedmax>11.2</windspeedmax>
        <waterlevel></waterlevel>
        <waterlevel_eh2000>26</waterlevel_eh2000>
        <watertemperature>5.5</watertemperature>
        <uvindex></uvindex>
        <sunshineduration></sunshineduration>
        <globalradiation></globalradiation>
    </station>
    <station>
        <name>Narva-Jõesuu</name>
        <wmocode>41801</wmocode>
        <longitude>28.042499999666667</longitude>
        <latitude>59.46833333266667</latitude>
        <phenomenon></phenomenon>
        <visibility></visibility>
        <precipitations></precipitations>
        <airpressure></airpressure>
        <relativehumidity></relativehumidity>
        <airtemperature></airtemperature>
        <winddirection></winddirection>
        <windspeed></windspeed>
        <windspeedmax></windspeedmax>
        <waterlevel></waterlevel>
        <waterlevel_eh2000>32</waterlevel_eh2000>
        <watertemperature>3.1</watertemperature>
        <uvindex></uvindex>
        <sunshineduration></sunshineduration>
        <globalradiation></globalradiation>
    </station>
    <station>
        <name>Rohuneeme</name>
        <wmocode>86093</wmocode>
        <longitude>24.792222221888892</longitude>
        <latitude>59.55888888888889</latitude>
        <phenomenon></phenomenon>
        <visibility></visibility>
        <precipitations></precipitations>
        <airpressure></airpressure>
        <relativehumidity></relativehumidity>
        <airtemperature>4.6</airtemperature>
        <winddirection>255</winddirection>
        <windspeed>8.8</windspeed>
        <windspeedmax>10.4</windspeedmax>
        <waterlevel></waterlevel>
        <waterlevel_eh2000></waterlevel_eh2000>
        <watertemperature></watertemperature>
        <uvindex></uvindex>
        <sunshineduration></sunshineduration>
        <globalradiation></globalradiation>
    </station>
    <station>
        <name>Pirita</name>
        <wmocode>86094</wmocode>
        <longitude>24.820755554963064</longitude>
        <latitude>59.46884166597881</latitude>
        <phenomenon></phenomenon>
        <visibility></visibility>
        <precipitations></precipitations>
        <airpressure></airpressure>
        <relativehumidity></relativehumidity>
        <airtemperature>5.7</airtemperature>
        <winddirection>252</winddirection>
        <windspeed>8.5</windspeed>
        <windspeedmax>10.7</windspeedmax>
        <waterlevel></waterlevel>
        <waterlevel_eh2000>18</waterlevel_eh2000>
        <watertemperature>5.3</watertemperature>
        <uvindex></uvindex>
        <sunshineduration></sunshineduration>
        <globalradiation></globalradiation>
    </station>
    <station>
        <name>Haapsalu sadam</name>
        <wmocode>86110</wmocode>
        <longitude>23.527344443396306</longitude>
        <latitude>58.95798888895247</latitude>
        <phenomenon></phenomenon>
        <visibility></visibility>
        <precipitations></precipitations>
        <airpressure></airpressure>
        <relativehumidity></relativehumidity>
        <airtemperature>5.5</airtemperature>
        <winddirection>204</winddirection>
        <windspeed>2.1</windspeed>
        <windspeedmax>4.4</windspeedmax>
        <waterlevel></waterlevel>
        <waterlevel_eh2000></waterlevel_eh2000>
        <watertemperature>3.8</watertemperature>
        <uvindex></uvindex>
        <sunshineduration></sunshineduration>
        <globalradiation></globalradiation>
    </station>
    <station>
        <name>Dirhami</name>
        <wmocode>86101</wmocode>
        <longitude>23.500833333333333</longitude>
        <latitude>59.21138888888889</latitude>
        <phenomenon></phenomenon>
        <visibility></visibility>
        <precipitations></precipitations>
        <airpressure></airpressure>
        <relativehumidity></relativehumidity>
        <airtemperature>4.8</airtemperature>
        <winddirection>221</winddirection>
        <windspeed>5.4</windspeed>
        <windspeedmax>7.9</windspeedmax>
        <waterlevel></waterlevel>
        <waterlevel_eh2000>5</waterlevel_eh2000>
        <watertemperature>3.6</watertemperature>
        <uvindex></uvindex>
        <sunshineduration></sunshineduration>
        <globalradiation></globalradiation>
    </station>
    <station>
        <name>Loksa</name>
        <wmocode>26036</wmocode>
        <longitude>25.69861111077778</longitude>
        <latitude>59.583333333</latitude>
        <phenomenon></phenomenon>
        <visibility></visibility>
        <precipitations></precipitations>
        <airpressure></airpressure>
        <relativehumidity></relativehumidity>
        <airtemperature>5.7</airtemperature>
        <winddirection>270</winddirection>
        <windspeed>6.8</windspeed>
        <windspeedmax>8.9</windspeedmax>
        <waterlevel></waterlevel>
        <waterlevel_eh2000>19</waterlevel_eh2000>
        <watertemperature>4.4</watertemperature>
        <uvindex></uvindex>
        <sunshineduration></sunshineduration>
        <globalradiation></globalradiation>
    </station>
    <station>
        <name>Separa</name>
        <wmocode>41202</wmocode>
        <longitude>27.036675832997883</longitude>
        <latitude>58.96615194426643</latitude>
        <phenomenon></phenomenon>
        <visibility></visibility>
        <precipitations></precipitations>
        <airpressure></airpressure>
        <relativehumidity></relativehumidity>
        <airtemperature>7</airtemperature>
        <winddirection></winddirection>
        <windspeed></windspeed>
        <windspeedmax></windspeedmax>
        <waterlevel>139</waterlevel>
        <waterlevel_eh2000></waterlevel_eh2000>
        <watertemperature>5.2</watertemperature>
        <uvindex></uvindex>
        <sunshineduration></sunshineduration>
        <globalradiation></globalradiation>
    </station>
    <station>
        <name>Uue-Lõve</name>
        <wmocode>41156</wmocode>
        <longitude>22.834081944092567</longitude>
        <latitude>58.35654388904572</latitude>
        <phenomenon></phenomenon>
        <visibility></visibility>
        <precipitations></precipitations>
        <airpressure></airpressure>
        <relativehumidity></relativehumidity>
        <airtemperature>7.6</airtemperature>
        <winddirection></winddirection>
        <windspeed></windspeed>
        <windspeedmax></windspeedmax>
        <waterlevel>78</waterlevel>
        <waterlevel_eh2000></waterlevel_eh2000>
        <watertemperature>6.5</watertemperature>
        <uvindex></uvindex>
        <sunshineduration></sunshineduration>
        <globalradiation></globalradiation>
    </station>
    <station>
        <name>Luguse</name>
        <wmocode>41154</wmocode>
        <longitude>22.712463610967</longitude>
        <latitude>58.81026000022888</latitude>
        <phenomenon></phenomenon>
        <visibility></visibility>
        <precipitations></precipitations>
        <airpressure></airpressure>
        <relativehumidity></relativehumidity>
        <airtemperature></airtemperature>
        <winddirection></winddirection>
        <windspeed></windspeed>
        <windspeedmax></windspeedmax>
        <waterlevel></waterlevel>
        <waterlevel_eh2000></waterlevel_eh2000>
        <watertemperature></watertemperature>
        <uvindex></uvindex>
        <sunshineduration></sunshineduration>
        <globalradiation></globalradiation>
    </station>
    <station>
        <name>Tori</name>
        <wmocode>41133</wmocode>
        <longitude>25.476489166016954</longitude>
        <latitude>58.799415832821985</latitude>
        <phenomenon></phenomenon>
        <visibility></visibility>
        <precipitations></precipitations>
        <airpressure></airpressure>
        <relativehumidity></relativehumidity>
        <airtemperature>5.5</airtemperature>
        <winddirection></winddirection>
        <windspeed></windspeed>
        <windspeedmax></windspeedmax>
        <waterlevel>110</waterlevel>
        <waterlevel_eh2000></waterlevel_eh2000>
        <watertemperature>5.6</watertemperature>
        <uvindex></uvindex>
        <sunshineduration></sunshineduration>
        <globalradiation></globalradiation>
    </station>
    <station>
        <name>Vodja</name>
        <wmocode>41128</wmocode>
        <longitude>25.64445916672328</longitude>
        <latitude>58.93898222201181</latitude>
        <phenomenon></phenomenon>
        <visibility></visibility>
        <precipitations></precipitations>
        <airpressure></airpressure>
        <relativehumidity></relativehumidity>
        <airtemperature>5.6</airtemperature>
        <winddirection></winddirection>
        <windspeed></windspeed>
        <windspeedmax></windspeedmax>
        <waterlevel>54</waterlevel>
        <waterlevel_eh2000></waterlevel_eh2000>
        <watertemperature>5.7</watertemperature>
        <uvindex></uvindex>
        <sunshineduration></sunshineduration>
        <globalradiation></globalradiation>
    </station>
    <station>
        <name>Türi-Alliku</name>
        <wmocode>41158</wmocode>
        <longitude>25.47277777711111</longitude>
        <latitude>58.82999999933334</latitude>
        <phenomenon></phenomenon>
        <visibility></visibility>
        <precipitations></precipitations>
        <airpressure></airpressure>
        <relativehumidity></relativehumidity>
        <airtemperature></airtemperature>
        <winddirection></winddirection>
        <windspeed></windspeed>
        <windspeedmax></windspeedmax>
        <waterlevel></waterlevel>
        <waterlevel_eh2000></waterlevel_eh2000>
        <watertemperature></watertemperature>
        <uvindex></uvindex>
        <sunshineduration></sunshineduration>
        <globalradiation></globalradiation>
    </station>
    <station>
        <name>Hüüru</name>
        <wmocode>41103</wmocode>
        <longitude>24.534932777415836</longitude>
        <latitude>59.38026499893491</latitude>
        <phenomenon></phenomenon>
        <visibility></visibility>
        <precipitations></precipitations>
        <airpressure></airpressure>
        <relativehumidity></relativehumidity>
        <airtemperature>6.1</airtemperature>
        <winddirection></winddirection>
        <windspeed></windspeed>
        <windspeedmax></windspeedmax>
        <waterlevel>71</waterlevel>
        <waterlevel_eh2000></waterlevel_eh2000>
        <watertemperature>6</watertemperature>
        <uvindex></uvindex>
        <sunshineduration></sunshineduration>
        <globalradiation></globalradiation>
    </station>
    <station>
        <name>Pajupea</name>
        <wmocode>41097</wmocode>
        <longitude>24.96891833265183</longitude>
        <latitude>59.3809088880442</latitude>
        <phenomenon></phenomenon>
        <visibility></visibility>
        <precipitations>0</precipitations>
        <airpressure></airpressure>
        <relativehumidity></relativehumidity>
        <airtemperature>5.9</airtemperature>
        <winddirection></winddirection>
        <windspeed></windspeed>
        <windspeedmax></windspeedmax>
        <waterlevel>106</waterlevel>
        <waterlevel_eh2000></waterlevel_eh2000>
        <watertemperature>5.4</watertemperature>
        <uvindex></uvindex>
        <sunshineduration></sunshineduration>
        <globalradiation></globalradiation>
    </station>
    <station>
        <name>Kehra</name>
        <wmocode>41087</wmocode>
        <longitude>25.340420555205267</longitude>
        <latitude>59.34436055573932</latitude>
        <phenomenon></phenomenon>
        <visibility></visibility>
        <precipitations>0</precipitations>
        <airpressure></airpressure>
        <relativehumidity>95</relativehumidity>
        <airtemperature>6.3</airtemperature>
        <winddirection></winddirection>
        <windspeed></windspeed>
        <windspeedmax></windspeedmax>
        <waterlevel>112</waterlevel>
        <waterlevel_eh2000></waterlevel_eh2000>
        <watertemperature>5</watertemperature>
        <uvindex></uvindex>
        <sunshineduration></sunshineduration>
        <globalradiation></globalradiation>
    </station>
    <station>
        <name>Pudisoo</name>
        <wmocode>41085</wmocode>
        <longitude>25.59463916639267</longitude>
        <latitude>59.508708333439294</latitude>
        <phenomenon></phenomenon>
        <visibility></visibility>
        <precipitations></precipitations>
        <airpressure></airpressure>
        <relativehumidity></relativehumidity>
        <airtemperature>6.6</airtemperature>
        <winddirection></winddirection>
        <windspeed></windspeed>
        <windspeedmax></windspeedmax>
        <waterlevel>57</waterlevel>
        <waterlevel_eh2000></waterlevel_eh2000>
        <watertemperature>6.1</watertemperature>
        <uvindex></uvindex>
        <sunshineduration></sunshineduration>
        <globalradiation></globalradiation>
    </station>
    <station>
        <name>Alajõe</name>
        <wmocode>41163</wmocode>
        <longitude>27.392959721549804</longitude>
        <latitude>59.03089583224281</latitude>
        <phenomenon></phenomenon>
        <visibility></visibility>
        <precipitations></precipitations>
        <airpressure></airpressure>
        <relativehumidity></relativehumidity>
        <airtemperature>6.3</airtemperature>
        <winddirection></winddirection>
        <windspeed></windspeed>
        <windspeedmax></windspeedmax>
        <waterlevel>94</waterlevel>
        <waterlevel_eh2000></waterlevel_eh2000>
        <watertemperature>4.8</watertemperature>
        <uvindex></uvindex>
        <sunshineduration></sunshineduration>
        <globalradiation></globalradiation>
    </station>
    <station>
        <name>Tudulinna</name>
        <wmocode>41066</wmocode>
        <longitude>27.088872499662425</longitude>
        <latitude>59.03610916634181</latitude>
        <phenomenon></phenomenon>
        <visibility></visibility>
        <precipitations></precipitations>
        <airpressure></airpressure>
        <relativehumidity></relativehumidity>
        <airtemperature>7</airtemperature>
        <winddirection></winddirection>
        <windspeed></windspeed>
        <windspeedmax></windspeedmax>
        <waterlevel>86</waterlevel>
        <waterlevel_eh2000></waterlevel_eh2000>
        <watertemperature>4.6</watertemperature>
        <uvindex></uvindex>
        <sunshineduration></sunshineduration>
        <globalradiation></globalradiation>
    </station>
    <station>
        <name>Kääpa</name>
        <wmocode>41063</wmocode>
        <longitude>26.849011389081134</longitude>
        <latitude>58.70068694445822</latitude>
        <phenomenon></phenomenon>
        <visibility></visibility>
        <precipitations></precipitations>
        <airpressure></airpressure>
        <relativehumidity></relativehumidity>
        <airtemperature>6.7</airtemperature>
        <winddirection></winddirection>
        <windspeed></windspeed>
        <windspeedmax></windspeedmax>
        <waterlevel>190</waterlevel>
        <waterlevel_eh2000></waterlevel_eh2000>
        <watertemperature>5.4</watertemperature>
        <uvindex></uvindex>
        <sunshineduration></sunshineduration>
        <globalradiation></globalradiation>
    </station>
    <station>
        <name>Roostoja</name>
        <wmocode>41065</wmocode>
        <longitude>27.105679166581897</longitude>
        <latitude>59.02374444365062</latitude>
        <phenomenon></phenomenon>
        <visibility></visibility>
        <precipitations></precipitations>
        <airpressure></airpressure>
        <relativehumidity></relativehumidity>
        <airtemperature>6.8</airtemperature>
        <winddirection></winddirection>
        <windspeed></windspeed>
        <windspeedmax></windspeedmax>
        <waterlevel>158</waterlevel>
        <waterlevel_eh2000></waterlevel_eh2000>
        <watertemperature>5.4</watertemperature>
        <uvindex></uvindex>
        <sunshineduration></sunshineduration>
        <globalradiation></globalradiation>
    </station>
    <station>
        <name>Tõrva</name>
        <wmocode>41069</wmocode>
        <longitude>25.921120277373902</longitude>
        <latitude>58.00380666679806</latitude>
        <phenomenon></phenomenon>
        <visibility></visibility>
        <precipitations>0</precipitations>
        <airpressure></airpressure>
        <relativehumidity></relativehumidity>
        <airtemperature>6.5</airtemperature>
        <winddirection></winddirection>
        <windspeed></windspeed>
        <windspeedmax></windspeedmax>
        <waterlevel>190</waterlevel>
        <waterlevel_eh2000></waterlevel_eh2000>
        <watertemperature>5.6</watertemperature>
        <uvindex></uvindex>
        <sunshineduration></sunshineduration>
        <globalradiation></globalradiation>
    </station>
    <station>
        <name>Piigaste SMJ</name>
        <wmocode>41062</wmocode>
        <longitude>26.82444444377778</longitude>
        <latitude>58.087777777444444</latitude>
        <phenomenon></phenomenon>
        <visibility></visibility>
        <precipitations>0</precipitations>
        <airpressure></airpressure>
        <relativehumidity></relativehumidity>
        <airtemperature>6.8</airtemperature>
        <winddirection></winddirection>
        <windspeed></windspeed>
        <windspeedmax></windspeedmax>
        <waterlevel></waterlevel>
        <waterlevel_eh2000></waterlevel_eh2000>
        <watertemperature></watertemperature>
        <uvindex></uvindex>
        <sunshineduration></sunshineduration>
        <globalradiation></globalradiation>
    </station>
    <station>
        <name>Reola</name>
        <wmocode>41184</wmocode>
        <longitude>26.742113888725097</longitude>
        <latitude>58.273391665745685</latitude>
        <phenomenon></phenomenon>
        <visibility></visibility>
        <precipitations></precipitations>
        <airpressure></airpressure>
        <relativehumidity></relativehumidity>
        <airtemperature>7.3</airtemperature>
        <winddirection></winddirection>
        <windspeed></windspeed>
        <windspeedmax></windspeedmax>
        <waterlevel>61</waterlevel>
        <waterlevel_eh2000></waterlevel_eh2000>
        <watertemperature>6.7</watertemperature>
        <uvindex></uvindex>
        <sunshineduration></sunshineduration>
        <globalradiation></globalradiation>
    </station>
    <station>
        <name>Peipsi poijaam</name>
        <wmocode>0</wmocode>
        <longitude>27.323611110444443</longitude>
        <latitude>58.83444444411111</latitude>
        <phenomenon></phenomenon>
        <visibility></visibility>
        <precipitations></precipitations>
        <airpressure></airpressure>
        <relativehumidity></relativehumidity>
        <airtemperature></airtemperature>
        <winddirection></winddirection>
        <windspeed></windspeed>
        <windspeedmax></windspeedmax>
        <waterlevel></waterlevel>
        <waterlevel_eh2000></waterlevel_eh2000>
        <watertemperature></watertemperature>
        <uvindex></uvindex>
        <sunshineduration></sunshineduration>
        <globalradiation></globalradiation>
    </station>
    <station>
        <name>Laimjala</name>
        <wmocode>0</wmocode>
        <longitude>22.998888888555555</longitude>
        <latitude>58.42888888822222</latitude>
        <phenomenon></phenomenon>
        <visibility></visibility>
        <precipitations></precipitations>
        <airpressure></airpressure>
        <relativehumidity></relativehumidity>
        <airtemperature></airtemperature>
        <winddirection></winddirection>
        <windspeed></windspeed>
        <windspeedmax></windspeedmax>
        <waterlevel></waterlevel>
        <waterlevel_eh2000></waterlevel_eh2000>
        <watertemperature></watertemperature>
        <uvindex></uvindex>
        <sunshineduration></sunshineduration>
        <globalradiation></globalradiation>
    </station>
    <station>
        <name>Tooma soojaam 1</name>
        <wmocode>00</wmocode>
        <longitude>26.27277777711111</longitude>
        <latitude>58.87277777711111</latitude>
        <phenomenon></phenomenon>
        <visibility></visibility>
        <precipitations></precipitations>
        <airpressure>998.4</airpressure>
        <relativehumidity>85</relativehumidity>
        <airtemperature>5.7</airtemperature>
        <winddirection></winddirection>
        <windspeed></windspeed>
        <windspeedmax></windspeedmax>
        <waterlevel></waterlevel>
        <waterlevel_eh2000></waterlevel_eh2000>
        <watertemperature></watertemperature>
        <uvindex></uvindex>
        <sunshineduration></sunshineduration>
        <globalradiation></globalradiation>
    </station>
    <station>
        <name>Tooma soojaam 2</name>
        <wmocode>00</wmocode>
        <longitude>26.27277777711111</longitude>
        <latitude>58.87277777711111</latitude>
        <phenomenon></phenomenon>
        <visibility></visibility>
        <precipitations>0</precipitations>
        <airpressure></airpressure>
        <relativehumidity></relativehumidity>
        <airtemperature></airtemperature>
        <winddirection>227</winddirection>
        <windspeed>3.9</windspeed>
        <windspeedmax>7.2</windspeedmax>
        <waterlevel></waterlevel>
        <waterlevel_eh2000></waterlevel_eh2000>
        <watertemperature></watertemperature>
        <uvindex></uvindex>
        <sunshineduration></sunshineduration>
        <globalradiation></globalradiation>
    </station>
    <station>
        <name>Tooma soojaam 3</name>
        <wmocode>00</wmocode>
        <longitude>26.27277777711111</longitude>
        <latitude>58.87277777711111</latitude>
        <phenomenon></phenomenon>
        <visibility></visibility>
        <precipitations>0</precipitations>
        <airpressure></airpressure>
        <relativehumidity></relativehumidity>
        <airtemperature></airtemperature>
        <winddirection></winddirection>
        <windspeed></windspeed>
        <windspeedmax></windspeedmax>
        <waterlevel></waterlevel>
        <waterlevel_eh2000></waterlevel_eh2000>
        <watertemperature></watertemperature>
        <uvindex></uvindex>
        <sunshineduration></sunshineduration>
        <globalradiation></globalradiation>
    </station>
    <station>
        <name>Tooma soojaam 4</name>
        <wmocode>00</wmocode>
        <longitude>26.27277777711111</longitude>
        <latitude>58.87277777711111</latitude>
        <phenomenon></phenomenon>
        <visibility></visibility>
        <precipitations>0</precipitations>
        <airpressure></airpressure>
        <relativehumidity></relativehumidity>
        <airtemperature></airtemperature>
        <winddirection></winddirection>
        <windspeed></windspeed>
        <windspeedmax></windspeedmax>
        <waterlevel></waterlevel>
        <waterlevel_eh2000></waterlevel_eh2000>
        <watertemperature></watertemperature>
        <uvindex></uvindex>
        <sunshineduration></sunshineduration>
        <globalradiation></globalradiation>
    </station>
    <station>
        <name>Linnu-WL</name>
        <wmocode>00</wmocode>
        <longitude>26.27277777711111</longitude>
        <latitude>58.87277777711111</latitude>
        <phenomenon></phenomenon>
        <visibility></visibility>
        <precipitations></precipitations>
        <airpressure></airpressure>
        <relativehumidity></relativehumidity>
        <airtemperature></airtemperature>
        <winddirection></winddirection>
        <windspeed></windspeed>
        <windspeedmax></windspeedmax>
        <waterlevel></waterlevel>
        <waterlevel_eh2000></waterlevel_eh2000>
        <watertemperature></watertemperature>
        <uvindex></uvindex>
        <sunshineduration></sunshineduration>
        <globalradiation></globalradiation>
    </station>
    <station>
        <name>Tooma kaev I WL2</name>
        <wmocode>00</wmocode>
        <longitude>26.27277777711111</longitude>
        <latitude>58.87277777711111</latitude>
        <phenomenon></phenomenon>
        <visibility></visibility>
        <precipitations></precipitations>
        <airpressure></airpressure>
        <relativehumidity></relativehumidity>
        <airtemperature></airtemperature>
        <winddirection></winddirection>
        <windspeed></windspeed>
        <windspeedmax></windspeedmax>
        <waterlevel></waterlevel>
        <waterlevel_eh2000></waterlevel_eh2000>
        <watertemperature></watertemperature>
        <uvindex></uvindex>
        <sunshineduration></sunshineduration>
        <globalradiation></globalradiation>
    </station>
    <station>
        <name>Tooma kaev IV WL2</name>
        <wmocode>00</wmocode>
        <longitude>26.27277777711111</longitude>
        <latitude>58.87277777711111</latitude>
        <phenomenon></phenomenon>
        <visibility></visibility>
        <precipitations></precipitations>
        <airpressure></airpressure>
        <relativehumidity></relativehumidity>
        <airtemperature></airtemperature>
        <winddirection></winddirection>
        <windspeed></windspeed>
        <windspeedmax></windspeedmax>
        <waterlevel></waterlevel>
        <waterlevel_eh2000></waterlevel_eh2000>
        <watertemperature></watertemperature>
        <uvindex></uvindex>
        <sunshineduration></sunshineduration>
        <globalradiation></globalradiation>
    </station>
    <station>
        <name>Tooma kaev VII WL2</name>
        <wmocode>00</wmocode>
        <longitude>26.27277777711111</longitude>
        <latitude>58.87277777711111</latitude>
        <phenomenon></phenomenon>
        <visibility></visibility>
        <precipitations></precipitations>
        <airpressure></airpressure>
        <relativehumidity></relativehumidity>
        <airtemperature></airtemperature>
        <winddirection></winddirection>
        <windspeed></windspeed>
        <windspeedmax></windspeedmax>
        <waterlevel></waterlevel>
        <waterlevel_eh2000></waterlevel_eh2000>
        <watertemperature></watertemperature>
        <uvindex></uvindex>
        <sunshineduration></sunshineduration>
        <globalradiation></globalradiation>
    </station>
    <station>
        <name>Tooma kaev V WL2</name>
        <wmocode>00</wmocode>
        <longitude>26.27277777711111</longitude>
        <latitude>58.87277777711111</latitude>
        <phenomenon></phenomenon>
        <visibility></visibility>
        <precipitations></precipitations>
        <airpressure></airpressure>
        <relativehumidity></relativehumidity>
        <airtemperature></airtemperature>
        <winddirection></winddirection>
        <windspeed></windspeed>
        <windspeedmax></windspeedmax>
        <waterlevel></waterlevel>
        <waterlevel_eh2000></waterlevel_eh2000>
        <watertemperature></watertemperature>
        <uvindex></uvindex>
        <sunshineduration></sunshineduration>
        <globalradiation></globalradiation>
    </station>
    <station>
        <name>Tulijärve kaev WL</name>
        <wmocode>00</wmocode>
        <longitude>26.27277777711111</longitude>
        <latitude>58.87277777711111</latitude>
        <phenomenon></phenomenon>
        <visibility></visibility>
        <precipitations></precipitations>
        <airpressure></airpressure>
        <relativehumidity></relativehumidity>
        <airtemperature></airtemperature>
        <winddirection></winddirection>
        <windspeed></windspeed>
        <windspeedmax></windspeedmax>
        <waterlevel></waterlevel>
        <waterlevel_eh2000></waterlevel_eh2000>
        <watertemperature></watertemperature>
        <uvindex></uvindex>
        <sunshineduration></sunshineduration>
        <globalradiation></globalradiation>
    </station>
    <station>
        <name>Kaev-213</name>
        <wmocode>00</wmocode>
        <longitude>26.27277777711111</longitude>
        <latitude>58.87277777711111</latitude>
        <phenomenon></phenomenon>
        <visibility></visibility>
        <precipitations></precipitations>
        <airpressure></airpressure>
        <relativehumidity></relativehumidity>
        <airtemperature></airtemperature>
        <winddirection></winddirection>
        <windspeed></windspeed>
        <windspeedmax></windspeedmax>
        <waterlevel></waterlevel>
        <waterlevel_eh2000></waterlevel_eh2000>
        <watertemperature></watertemperature>
        <uvindex></uvindex>
        <sunshineduration></sunshineduration>
        <globalradiation></globalradiation>
    </station>
    <station>
        <name>Kaev-323</name>
        <wmocode>00</wmocode>
        <longitude>26.27277777711111</longitude>
        <latitude>58.87277777711111</latitude>
        <phenomenon></phenomenon>
        <visibility></visibility>
        <precipitations></precipitations>
        <airpressure></airpressure>
        <relativehumidity></relativehumidity>
        <airtemperature></airtemperature>
        <winddirection></winddirection>
        <windspeed></windspeed>
        <windspeedmax></windspeedmax>
        <waterlevel></waterlevel>
        <waterlevel_eh2000></waterlevel_eh2000>
        <watertemperature></watertemperature>
        <uvindex></uvindex>
        <sunshineduration></sunshineduration>
        <globalradiation></globalradiation>
    </station>
    <station>
        <name>Kaev-217</name>
        <wmocode>00</wmocode>
        <longitude>26.27277777711111</longitude>
        <latitude>58.87277777711111</latitude>
        <phenomenon></phenomenon>
        <visibility></visibility>
        <precipitations></precipitations>
        <airpressure></airpressure>
        <relativehumidity></relativehumidity>
        <airtemperature></airtemperature>
        <winddirection></winddirection>
        <windspeed></windspeed>
        <windspeedmax></windspeedmax>
        <waterlevel></waterlevel>
        <waterlevel_eh2000></waterlevel_eh2000>
        <watertemperature></watertemperature>
        <uvindex></uvindex>
        <sunshineduration></sunshineduration>
        <globalradiation></globalradiation>
    </station>
    <station>
        <name>Kaev-222</name>
        <wmocode>00</wmocode>
        <longitude>26.27277777711111</longitude>
        <latitude>58.87277777711111</latitude>
        <phenomenon></phenomenon>
        <visibility></visibility>
        <precipitations></precipitations>
        <airpressure></airpressure>
        <relativehumidity></relativehumidity>
        <airtemperature></airtemperature>
        <winddirection></winddirection>
        <windspeed></windspeed>
        <windspeedmax></windspeedmax>
        <waterlevel></waterlevel>
        <waterlevel_eh2000></waterlevel_eh2000>
        <watertemperature></watertemperature>
        <uvindex></uvindex>
        <sunshineduration></sunshineduration>
        <globalradiation></globalradiation>
    </station>
    <station>
        <name>Kaev-225</name>
        <wmocode>00</wmocode>
        <longitude>26.27277777711111</longitude>
        <latitude>58.87277777711111</latitude>
        <phenomenon></phenomenon>
        <visibility></visibility>
        <precipitations></precipitations>
        <airpressure></airpressure>
        <relativehumidity></relativehumidity>
        <airtemperature></airtemperature>
        <winddirection></winddirection>
        <windspeed></windspeed>
        <windspeedmax></windspeedmax>
        <waterlevel></waterlevel>
        <waterlevel_eh2000></waterlevel_eh2000>
        <watertemperature></watertemperature>
        <uvindex></uvindex>
        <sunshineduration></sunshineduration>
        <globalradiation></globalradiation>
    </station>
    <station>
        <name>Tooma-I-WL</name>
        <wmocode>00</wmocode>
        <longitude>26.27277777711111</longitude>
        <latitude>58.87277777711111</latitude>
        <phenomenon></phenomenon>
        <visibility></visibility>
        <precipitations></precipitations>
        <airpressure></airpressure>
        <relativehumidity></relativehumidity>
        <airtemperature></airtemperature>
        <winddirection></winddirection>
        <windspeed></windspeed>
        <windspeedmax></windspeedmax>
        <waterlevel></waterlevel>
        <waterlevel_eh2000></waterlevel_eh2000>
        <watertemperature></watertemperature>
        <uvindex></uvindex>
        <sunshineduration></sunshineduration>
        <globalradiation></globalradiation>
    </station>
    <station>
        <name>Tooma-VII-WL</name>
        <wmocode>00</wmocode>
        <longitude>26.27277777711111</longitude>
        <latitude>58.87277777711111</latitude>
        <phenomenon></phenomenon>
        <visibility></visibility>
        <precipitations></precipitations>
        <airpressure></airpressure>
        <relativehumidity></relativehumidity>
        <airtemperature></airtemperature>
        <winddirection></winddirection>
        <windspeed></windspeed>
        <windspeedmax></windspeedmax>
        <waterlevel></waterlevel>
        <waterlevel_eh2000></waterlevel_eh2000>
        <watertemperature></watertemperature>
        <uvindex></uvindex>
        <sunshineduration></sunshineduration>
        <globalradiation></globalradiation>
    </station>
    <station>
        <name>Kaev-219
        </name>
        <wmocode>00</wmocode>
        <longitude>26.27277777711111</longitude>
        <latitude>58.87277777711111</latitude>
        <phenomenon></phenomenon>
        <visibility></visibility>
        <precipitations></precipitations>
        <airpressure></airpressure>
        <relativehumidity></relativehumidity>
        <airtemperature></airtemperature>
        <winddirection></winddirection>
        <windspeed></windspeed>
        <windspeedmax></windspeedmax>
        <waterlevel></waterlevel>
        <waterlevel_eh2000></waterlevel_eh2000>
        <watertemperature></watertemperature>
        <uvindex></uvindex>
        <sunshineduration></sunshineduration>
        <globalradiation></globalradiation>
    </station>
    <station>
        <name>Kaev-211</name>
        <wmocode>00</wmocode>
        <longitude>26.27277777711111</longitude>
        <latitude>58.87277777711111</latitude>
        <phenomenon></phenomenon>
        <visibility></visibility>
        <precipitations></precipitations>
        <airpressure></airpressure>
        <relativehumidity></relativehumidity>
        <airtemperature></airtemperature>
        <winddirection></winddirection>
        <windspeed></windspeed>
        <windspeedmax></windspeedmax>
        <waterlevel></waterlevel>
        <waterlevel_eh2000></waterlevel_eh2000>
        <watertemperature></watertemperature>
        <uvindex></uvindex>
        <sunshineduration></sunshineduration>
        <globalradiation></globalradiation>
    </station>
    <station>
        <name>Kaev-218</name>
        <wmocode>00</wmocode>
        <longitude>26.27277777711111</longitude>
        <latitude>58.87277777711111</latitude>
        <phenomenon></phenomenon>
        <visibility></visibility>
        <precipitations></precipitations>
        <airpressure></airpressure>
        <relativehumidity></relativehumidity>
        <airtemperature></airtemperature>
        <winddirection></winddirection>
        <windspeed></windspeed>
        <windspeedmax></windspeedmax>
        <waterlevel></waterlevel>
        <waterlevel_eh2000></waterlevel_eh2000>
        <watertemperature></watertemperature>
        <uvindex></uvindex>
        <sunshineduration></sunshineduration>
        <globalradiation></globalradiation>
    </station>
    <station>
        <name>Kaev-220</name>
        <wmocode>00</wmocode>
        <longitude>26.27277777711111</longitude>
        <latitude>58.87277777711111</latitude>
        <phenomenon></phenomenon>
        <visibility></visibility>
        <precipitations></precipitations>
        <airpressure></airpressure>
        <relativehumidity></relativehumidity>
        <airtemperature></airtemperature>
        <winddirection></winddirection>
        <windspeed></windspeed>
        <windspeedmax></windspeedmax>
        <waterlevel></waterlevel>
        <waterlevel_eh2000></waterlevel_eh2000>
        <watertemperature></watertemperature>
        <uvindex></uvindex>
        <sunshineduration></sunshineduration>
        <globalradiation></globalradiation>
    </station>
    <station>
        <name>Kaev-322</name>
        <wmocode>00</wmocode>
        <longitude>26.27277777711111</longitude>
        <latitude>58.87277777711111</latitude>
        <phenomenon></phenomenon>
        <visibility></visibility>
        <precipitations></precipitations>
        <airpressure></airpressure>
        <relativehumidity></relativehumidity>
        <airtemperature></airtemperature>
        <winddirection></winddirection>
        <windspeed></windspeed>
        <windspeedmax></windspeedmax>
        <waterlevel></waterlevel>
        <waterlevel_eh2000></waterlevel_eh2000>
        <watertemperature></watertemperature>
        <uvindex></uvindex>
        <sunshineduration></sunshineduration>
        <globalradiation></globalradiation>
    </station>
    <station>
        <name>Tooma-IV-WL2</name>
        <wmocode>00</wmocode>
        <longitude>26.27277777711111</longitude>
        <latitude>58.87277777711111</latitude>
        <phenomenon></phenomenon>
        <visibility></visibility>
        <precipitations></precipitations>
        <airpressure></airpressure>
        <relativehumidity></relativehumidity>
        <airtemperature></airtemperature>
        <winddirection></winddirection>
        <windspeed></windspeed>
        <windspeedmax></windspeedmax>
        <waterlevel></waterlevel>
        <waterlevel_eh2000></waterlevel_eh2000>
        <watertemperature></watertemperature>
        <uvindex></uvindex>
        <sunshineduration></sunshineduration>
        <globalradiation></globalradiation>
    </station>
    <station>
        <name>TOOMA-IV-WL</name>
        <wmocode>00</wmocode>
        <longitude>26.27277777711111</longitude>
        <latitude>58.87277777711111</latitude>
        <phenomenon></phenomenon>
        <visibility></visibility>
        <precipitations></precipitations>
        <airpressure></airpressure>
        <relativehumidity></relativehumidity>
        <airtemperature></airtemperature>
        <winddirection></winddirection>
        <windspeed></windspeed>
        <windspeedmax></windspeedmax>
        <waterlevel></waterlevel>
        <waterlevel_eh2000></waterlevel_eh2000>
        <watertemperature></watertemperature>
        <uvindex></uvindex>
        <sunshineduration></sunshineduration>
        <globalradiation></globalradiation>
    </station>
    <station>
        <name>Kaev-324</name>
        <wmocode>00</wmocode>
        <longitude>26.27277777711111</longitude>
        <latitude>58.87277777711111</latitude>
        <phenomenon></phenomenon>
        <visibility></visibility>
        <precipitations></precipitations>
        <airpressure></airpressure>
        <relativehumidity></relativehumidity>
        <airtemperature></airtemperature>
        <winddirection></winddirection>
        <windspeed></windspeed>
        <windspeedmax></windspeedmax>
        <waterlevel></waterlevel>
        <waterlevel_eh2000></waterlevel_eh2000>
        <watertemperature></watertemperature>
        <uvindex></uvindex>
        <sunshineduration></sunshineduration>
        <globalradiation></globalradiation>
    </station>
    <station>
        <name>Tooma-V-WL</name>
        <wmocode>00</wmocode>
        <longitude>26.27277777711111</longitude>
        <latitude>58.87277777711111</latitude>
        <phenomenon></phenomenon>
        <visibility></visibility>
        <precipitations></precipitations>
        <airpressure></airpressure>
        <relativehumidity></relativehumidity>
        <airtemperature></airtemperature>
        <winddirection></winddirection>
        <windspeed></windspeed>
        <windspeedmax></windspeedmax>
        <waterlevel></waterlevel>
        <waterlevel_eh2000></waterlevel_eh2000>
        <watertemperature></watertemperature>
        <uvindex></uvindex>
        <sunshineduration></sunshineduration>
        <globalradiation></globalradiation>
    </station>
    <station>
        <name>Tulijarve-WL</name>
        <wmocode>00</wmocode>
        <longitude>26.27277777711111</longitude>
        <latitude>58.87277777711111</latitude>
        <phenomenon></phenomenon>
        <visibility></visibility>
        <precipitations></precipitations>
        <airpressure></airpressure>
        <relativehumidity></relativehumidity>
        <airtemperature></airtemperature>
        <winddirection></winddirection>
        <windspeed></windspeed>
        <windspeedmax></windspeedmax>
        <waterlevel></waterlevel>
        <waterlevel_eh2000></waterlevel_eh2000>
        <watertemperature></watertemperature>
        <uvindex></uvindex>
        <sunshineduration></sunshineduration>
        <globalradiation></globalradiation>
    </station>
    <station>
        <name>Linnu-WL2</name>
        <wmocode>00</wmocode>
        <longitude>26.27277777711111</longitude>
        <latitude>58.87277777711111</latitude>
        <phenomenon></phenomenon>
        <visibility></visibility>
        <precipitations></precipitations>
        <airpressure></airpressure>
        <relativehumidity></relativehumidity>
        <airtemperature></airtemperature>
        <winddirection></winddirection>
        <windspeed></windspeed>
        <windspeedmax></windspeedmax>
        <waterlevel></waterlevel>
        <waterlevel_eh2000></waterlevel_eh2000>
        <watertemperature></watertemperature>
        <uvindex></uvindex>
        <sunshineduration></sunshineduration>
        <globalradiation></globalradiation>
    </station>
    <station>
        <name>Kaev-1052</name>
        <wmocode>00</wmocode>
        <longitude>26.27277777711111</longitude>
        <latitude>58.87277777711111</latitude>
        <phenomenon></phenomenon>
        <visibility></visibility>
        <precipitations></precipitations>
        <airpressure></airpressure>
        <relativehumidity></relativehumidity>
        <airtemperature></airtemperature>
        <winddirection></winddirection>
        <windspeed></windspeed>
        <windspeedmax></windspeedmax>
        <waterlevel></waterlevel>
        <waterlevel_eh2000></waterlevel_eh2000>
        <watertemperature></watertemperature>
        <uvindex></uvindex>
        <sunshineduration></sunshineduration>
        <globalradiation></globalradiation>
    </station>
    <station>
        <name>Kaev-1052A</name>
        <wmocode>00</wmocode>
        <longitude>26.27277777711111</longitude>
        <latitude>58.87277777711111</latitude>
        <phenomenon></phenomenon>
        <visibility></visibility>
        <precipitations></precipitations>
        <airpressure></airpressure>
        <relativehumidity></relativehumidity>
        <airtemperature></airtemperature>
        <winddirection></winddirection>
        <windspeed></windspeed>
        <windspeedmax></windspeedmax>
        <waterlevel></waterlevel>
        <waterlevel_eh2000></waterlevel_eh2000>
        <watertemperature></watertemperature>
        <uvindex></uvindex>
        <sunshineduration></sunshineduration>
        <globalradiation></globalradiation>
    </station>
    <station>
        <name>Kaev-1054</name>
        <wmocode>00</wmocode>
        <longitude>26.27277777711111</longitude>
        <latitude>58.87277777711111</latitude>
        <phenomenon></phenomenon>
        <visibility></visibility>
        <precipitations></precipitations>
        <airpressure></airpressure>
        <relativehumidity></relativehumidity>
        <airtemperature></airtemperature>
        <winddirection></winddirection>
        <windspeed></windspeed>
        <windspeedmax></windspeedmax>
        <waterlevel></waterlevel>
        <waterlevel_eh2000></waterlevel_eh2000>
        <watertemperature></watertemperature>
        <uvindex></uvindex>
        <sunshineduration></sunshineduration>
        <globalradiation></globalradiation>
    </station>
    <station>
        <name>Kaev-1054A</name>
        <wmocode>00</wmocode>
        <longitude>26.27277777711111</longitude>
        <latitude>58.87277777711111</latitude>
        <phenomenon></phenomenon>
        <visibility></visibility>
        <precipitations></precipitations>
        <airpressure></airpressure>
        <relativehumidity></relativehumidity>
        <airtemperature></airtemperature>
        <winddirection></winddirection>
        <windspeed></windspeed>
        <windspeedmax></windspeedmax>
        <waterlevel></waterlevel>
        <waterlevel_eh2000></waterlevel_eh2000>
        <watertemperature></watertemperature>
        <uvindex></uvindex>
        <sunshineduration></sunshineduration>
        <globalradiation></globalradiation>
    </station>
    <station>
        <name>Kaev-1056</name>
        <wmocode>00</wmocode>
        <longitude>26.27277777711111</longitude>
        <latitude>58.87277777711111</latitude>
        <phenomenon></phenomenon>
        <visibility></visibility>
        <precipitations></precipitations>
        <airpressure></airpressure>
        <relativehumidity></relativehumidity>
        <airtemperature></airtemperature>
        <winddirection></winddirection>
        <windspeed></windspeed>
        <windspeedmax></windspeedmax>
        <waterlevel></waterlevel>
        <waterlevel_eh2000></waterlevel_eh2000>
        <watertemperature></watertemperature>
        <uvindex></uvindex>
        <sunshineduration></sunshineduration>
        <globalradiation></globalradiation>
    </station>
    <station>
        <name>Kaev-1056A</name>
        <wmocode>00</wmocode>
        <longitude>26.27277777711111</longitude>
        <latitude>58.87277777711111</latitude>
        <phenomenon></phenomenon>
        <visibility></visibility>
        <precipitations></precipitations>
        <airpressure></airpressure>
        <relativehumidity></relativehumidity>
        <airtemperature></airtemperature>
        <winddirection></winddirection>
        <windspeed></windspeed>
        <windspeedmax></windspeedmax>
        <waterlevel></waterlevel>
        <waterlevel_eh2000></waterlevel_eh2000>
        <watertemperature></watertemperature>
        <uvindex></uvindex>
        <sunshineduration></sunshineduration>
        <globalradiation></globalradiation>
    </station>
    <station>
        <name>Kaev2-1052</name>
        <wmocode>00</wmocode>
        <longitude>26.27277777711111</longitude>
        <latitude>58.87277777711111</latitude>
        <phenomenon></phenomenon>
        <visibility></visibility>
        <precipitations></precipitations>
        <airpressure></airpressure>
        <relativehumidity></relativehumidity>
        <airtemperature></airtemperature>
        <winddirection></winddirection>
        <windspeed></windspeed>
        <windspeedmax></windspeedmax>
        <waterlevel></waterlevel>
        <waterlevel_eh2000></waterlevel_eh2000>
        <watertemperature></watertemperature>
        <uvindex></uvindex>
        <sunshineduration></sunshineduration>
        <globalradiation></globalradiation>
    </station>
    <station>
        <name>Kaev2-1176</name>
        <wmocode>00</wmocode>
        <longitude>26.27277777711111</longitude>
        <latitude>58.87277777711111</latitude>
        <phenomenon></phenomenon>
        <visibility></visibility>
        <precipitations></precipitations>
        <airpressure></airpressure>
        <relativehumidity></relativehumidity>
        <airtemperature></airtemperature>
        <winddirection></winddirection>
        <windspeed></windspeed>
        <windspeedmax></windspeedmax>
        <waterlevel></waterlevel>
        <waterlevel_eh2000></waterlevel_eh2000>
        <watertemperature></watertemperature>
        <uvindex></uvindex>
        <sunshineduration></sunshineduration>
        <globalradiation></globalradiation>
    </station>
    <station>
        <name>Kaev2-1177</name>
        <wmocode>00</wmocode>
        <longitude>26.27277777711111</longitude>
        <latitude>58.87277777711111</latitude>
        <phenomenon></phenomenon>
        <visibility></visibility>
        <precipitations></precipitations>
        <airpressure></airpressure>
        <relativehumidity></relativehumidity>
        <airtemperature></airtemperature>
        <winddirection></winddirection>
        <windspeed></windspeed>
        <windspeedmax></windspeedmax>
        <waterlevel></waterlevel>
        <waterlevel_eh2000></waterlevel_eh2000>
        <watertemperature></watertemperature>
        <uvindex></uvindex>
        <sunshineduration></sunshineduration>
        <globalradiation></globalradiation>
    </station>
    <station>
        <name>Vai-212</name>
        <wmocode>00</wmocode>
        <longitude>26.24800055470512</longitude>
        <latitude>58.87587749944353</latitude>
        <phenomenon></phenomenon>
        <visibility></visibility>
        <precipitations></precipitations>
        <airpressure></airpressure>
        <relativehumidity></relativehumidity>
        <airtemperature></airtemperature>
        <winddirection></winddirection>
        <windspeed></windspeed>
        <windspeedmax></windspeedmax>
        <waterlevel></waterlevel>
        <waterlevel_eh2000></waterlevel_eh2000>
        <watertemperature></watertemperature>
        <uvindex></uvindex>
        <sunshineduration></sunshineduration>
        <globalradiation></globalradiation>
    </station>
    <station>
        <name>Vai-214</name>
        <wmocode>00</wmocode>
        <longitude>26.245153611167726</longitude>
        <latitude>58.875993055100814</latitude>
        <phenomenon></phenomenon>
        <visibility></visibility>
        <precipitations></precipitations>
        <airpressure></airpressure>
        <relativehumidity></relativehumidity>
        <airtemperature></airtemperature>
        <winddirection></winddirection>
        <windspeed></windspeed>
        <windspeedmax></windspeedmax>
        <waterlevel></waterlevel>
        <waterlevel_eh2000></waterlevel_eh2000>
        <watertemperature></watertemperature>
        <uvindex></uvindex>
        <sunshineduration></sunshineduration>
        <globalradiation></globalradiation>
    </station>
    <station>
        <name>Vai-221</name>
        <wmocode>00</wmocode>
        <longitude>26.22403611063518</longitude>
        <latitude>58.87825444366758</latitude>
        <phenomenon></phenomenon>
        <visibility></visibility>
        <precipitations></precipitations>
        <airpressure></airpressure>
        <relativehumidity></relativehumidity>
        <airtemperature></airtemperature>
        <winddirection></winddirection>
        <windspeed></windspeed>
        <windspeedmax></windspeedmax>
        <waterlevel></waterlevel>
        <waterlevel_eh2000></waterlevel_eh2000>
        <watertemperature></watertemperature>
        <uvindex></uvindex>
        <sunshineduration></sunshineduration>
        <globalradiation></globalradiation>
    </station>
    <station>
        <name>Vai-224</name>
        <wmocode>00</wmocode>
        <longitude>26.218946110535573</longitude>
        <latitude>58.87847916642386</latitude>
        <phenomenon></phenomenon>
        <visibility></visibility>
        <precipitations></precipitations>
        <airpressure></airpressure>
        <relativehumidity></relativehumidity>
        <airtemperature></airtemperature>
        <winddirection></winddirection>
        <windspeed></windspeed>
        <windspeedmax></windspeedmax>
        <waterlevel></waterlevel>
        <waterlevel_eh2000></waterlevel_eh2000>
        <watertemperature></watertemperature>
        <uvindex></uvindex>
        <sunshineduration></sunshineduration>
        <globalradiation></globalradiation>
    </station>
    <station>
        <name>Vai-226</name>
        <wmocode>00</wmocode>
        <longitude>26.216088888380263</longitude>
        <latitude>58.8789494433624</latitude>
        <phenomenon></phenomenon>
        <visibility></visibility>
        <precipitations></precipitations>
        <airpressure></airpressure>
        <relativehumidity></relativehumidity>
        <airtemperature></airtemperature>
        <winddirection></winddirection>
        <windspeed></windspeed>
        <windspeedmax></windspeedmax>
        <waterlevel></waterlevel>
        <waterlevel_eh2000></waterlevel_eh2000>
        <watertemperature></watertemperature>
        <uvindex></uvindex>
        <sunshineduration></sunshineduration>
        <globalradiation></globalradiation>
    </station>
    <station>
        <name>Latt-202</name>
        <wmocode>00</wmocode>
        <longitude>26.235099166298365</longitude>
        <latitude>58.87639777752649</latitude>
        <phenomenon></phenomenon>
        <visibility></visibility>
        <precipitations></precipitations>
        <airpressure></airpressure>
        <relativehumidity></relativehumidity>
        <airtemperature></airtemperature>
        <winddirection></winddirection>
        <windspeed></windspeed>
        <windspeedmax></windspeedmax>
        <waterlevel></waterlevel>
        <waterlevel_eh2000></waterlevel_eh2000>
        <watertemperature></watertemperature>
        <uvindex></uvindex>
        <sunshineduration></sunshineduration>
        <globalradiation></globalradiation>
    </station>
    <station>
        <name>Tulijärve 2</name>
        <wmocode>00</wmocode>
        <longitude>26.23999999966667</longitude>
        <latitude>58.88388888855556</latitude>
        <phenomenon></phenomenon>
        <visibility></visibility>
        <precipitations></precipitations>
        <airpressure></airpressure>
        <relativehumidity></relativehumidity>
        <airtemperature></airtemperature>
        <winddirection></winddirection>
        <windspeed></windspeed>
        <windspeedmax></windspeedmax>
        <waterlevel></waterlevel>
        <waterlevel_eh2000></waterlevel_eh2000>
        <watertemperature></watertemperature>
        <uvindex></uvindex>
        <sunshineduration></sunshineduration>
        <globalradiation></globalradiation>
    </station>
    <station>
        <name>Kassari</name>
        <wmocode>0</wmocode>
        <longitude>22.831026110512262</longitude>
        <latitude>58.79005111078202</latitude>
        <phenomenon></phenomenon>
        <visibility></visibility>
        <precipitations>0</precipitations>
        <airpressure></airpressure>
        <relativehumidity>85</relativehumidity>
        <airtemperature>6.2</airtemperature>
        <winddirection></winddirection>
        <windspeed></windspeed>
        <windspeedmax></windspeedmax>
        <waterlevel></waterlevel>
        <waterlevel_eh2000></waterlevel_eh2000>
        <watertemperature></watertemperature>
        <uvindex></uvindex>
        <sunshineduration></sunshineduration>
        <globalradiation></globalradiation>
    </station>
    <station>
        <name>Vasknarva</name>
        <wmocode>41001</wmocode>
        <longitude>27.740386110608238</longitude>
        <latitude>59.001002499990996</latitude>
        <phenomenon></phenomenon>
        <visibility></visibility>
        <precipitations></precipitations>
        <airpressure></airpressure>
        <relativehumidity></relativehumidity>
        <airtemperature>3.6</airtemperature>
        <winddirection></winddirection>
        <windspeed></windspeed>
        <windspeedmax></windspeedmax>
        <waterlevel>108</waterlevel>
        <waterlevel_eh2000></waterlevel_eh2000>
        <watertemperature>2.2</watertemperature>
        <uvindex></uvindex>
        <sunshineduration></sunshineduration>
        <globalradiation></globalradiation>
    </station>
    <station>
        <name>Narva linn</name>
        <wmocode>41010</wmocode>
        <longitude>28.206652777989703</longitude>
        <latitude>59.38275222181834</latitude>
        <phenomenon></phenomenon>
        <visibility></visibility>
        <precipitations></precipitations>
        <airpressure></airpressure>
        <relativehumidity></relativehumidity>
        <airtemperature>7.5</airtemperature>
        <winddirection></winddirection>
        <windspeed></windspeed>
        <windspeedmax></windspeedmax>
        <waterlevel>159</waterlevel>
        <waterlevel_eh2000></waterlevel_eh2000>
        <watertemperature>3.3</watertemperature>
        <uvindex></uvindex>
        <sunshineduration></sunshineduration>
        <globalradiation></globalradiation>
    </station>
    <station>
        <name>Korela</name>
        <wmocode>41015</wmocode>
        <longitude>27.726254165830458</longitude>
        <latitude>57.88533972190267</latitude>
        <phenomenon></phenomenon>
        <visibility></visibility>
        <precipitations>0</precipitations>
        <airpressure></airpressure>
        <relativehumidity></relativehumidity>
        <airtemperature>7.3</airtemperature>
        <winddirection></winddirection>
        <windspeed></windspeed>
        <windspeedmax></windspeedmax>
        <waterlevel>103</waterlevel>
        <waterlevel_eh2000></waterlevel_eh2000>
        <watertemperature>6.2</watertemperature>
        <uvindex></uvindex>
        <sunshineduration></sunshineduration>
        <globalradiation></globalradiation>
    </station>
    <station>
        <name>Räpina</name>
        <wmocode>41019</wmocode>
        <longitude>27.454581111272176</longitude>
        <latitude>58.09558472176173</latitude>
        <phenomenon></phenomenon>
        <visibility></visibility>
        <precipitations></precipitations>
        <airpressure></airpressure>
        <relativehumidity></relativehumidity>
        <airtemperature>7.3</airtemperature>
        <winddirection></winddirection>
        <windspeed></windspeed>
        <windspeedmax></windspeedmax>
        <waterlevel>61</waterlevel>
        <waterlevel_eh2000></waterlevel_eh2000>
        <watertemperature>6.1</watertemperature>
        <uvindex></uvindex>
        <sunshineduration></sunshineduration>
        <globalradiation></globalradiation>
    </station>
    <station>
        <name>Rannu-Jõesuu</name>
        <wmocode>41022</wmocode>
        <longitude>26.13403249965554</longitude>
        <latitude>58.38546138849304</latitude>
        <phenomenon></phenomenon>
        <visibility></visibility>
        <precipitations>0</precipitations>
        <airpressure></airpressure>
        <relativehumidity></relativehumidity>
        <airtemperature>3.7</airtemperature>
        <winddirection></winddirection>
        <windspeed></windspeed>
        <windspeedmax></windspeedmax>
        <waterlevel>121</waterlevel>
        <waterlevel_eh2000></waterlevel_eh2000>
        <watertemperature>6.2</watertemperature>
        <uvindex></uvindex>
        <sunshineduration></sunshineduration>
        <globalradiation></globalradiation>
    </station>
    <station>
        <name>Tartu-Kvissental</name>
        <wmocode>41025</wmocode>
        <longitude>26.72618083251408</longitude>
        <latitude>58.380021943379354</latitude>
        <phenomenon></phenomenon>
        <visibility></visibility>
        <precipitations></precipitations>
        <airpressure></airpressure>
        <relativehumidity></relativehumidity>
        <airtemperature>6.9</airtemperature>
        <winddirection></winddirection>
        <windspeed></windspeed>
        <windspeedmax></windspeedmax>
        <waterlevel>182</waterlevel>
        <waterlevel_eh2000></waterlevel_eh2000>
        <watertemperature>6.8</watertemperature>
        <uvindex></uvindex>
        <sunshineduration></sunshineduration>
        <globalradiation></globalradiation>
    </station>
    <station>
        <name>Tõrve</name>
        <wmocode>41028</wmocode>
        <longitude>26.37489472163609</longitude>
        <latitude>58.60248638894823</latitude>
        <phenomenon></phenomenon>
        <visibility></visibility>
        <precipitations></precipitations>
        <airpressure></airpressure>
        <relativehumidity></relativehumidity>
        <airtemperature>6.1</airtemperature>
        <winddirection></winddirection>
        <windspeed></windspeed>
        <windspeedmax></windspeedmax>
        <waterlevel>69</waterlevel>
        <waterlevel_eh2000></waterlevel_eh2000>
        <watertemperature>5.2</watertemperature>
        <uvindex></uvindex>
        <sunshineduration></sunshineduration>
        <globalradiation></globalradiation>
    </station>
    <station>
        <name>Elva</name>
        <wmocode>41058</wmocode>
        <longitude>26.434670833015893</longitude>
        <latitude>58.21161944495307</latitude>
        <phenomenon></phenomenon>
        <visibility></visibility>
        <precipitations></precipitations>
        <airpressure></airpressure>
        <relativehumidity></relativehumidity>
        <airtemperature>6.7</airtemperature>
        <winddirection></winddirection>
        <windspeed></windspeed>
        <windspeedmax></windspeedmax>
        <waterlevel>59</waterlevel>
        <waterlevel_eh2000></waterlevel_eh2000>
        <watertemperature>5.9</watertemperature>
        <uvindex></uvindex>
        <sunshineduration></sunshineduration>
        <globalradiation></globalradiation>
    </station>
    <station>
        <name>Ahja</name>
        <wmocode>41061</wmocode>
        <longitude>27.112592500050862</longitude>
        <latitude>58.20940138922798</latitude>
        <phenomenon></phenomenon>
        <visibility></visibility>
        <precipitations></precipitations>
        <airpressure></airpressure>
        <relativehumidity></relativehumidity>
        <airtemperature>7.8</airtemperature>
        <winddirection></winddirection>
        <windspeed></windspeed>
        <windspeedmax></windspeedmax>
        <waterlevel>116</waterlevel>
        <waterlevel_eh2000></waterlevel_eh2000>
        <watertemperature>5.3</watertemperature>
        <uvindex></uvindex>
        <sunshineduration></sunshineduration>
        <globalradiation></globalradiation>
    </station>
    <station>
        <name>Toila-Oru</name>
        <wmocode>41193</wmocode>
        <longitude>27.53002305493975</longitude>
        <latitude>59.42311222168695</latitude>
        <phenomenon></phenomenon>
        <visibility></visibility>
        <precipitations></precipitations>
        <airpressure></airpressure>
        <relativehumidity></relativehumidity>
        <airtemperature>5.2</airtemperature>
        <winddirection></winddirection>
        <windspeed></windspeed>
        <windspeedmax></windspeedmax>
        <waterlevel>52</waterlevel>
        <waterlevel_eh2000></waterlevel_eh2000>
        <watertemperature>6.2</watertemperature>
        <uvindex></uvindex>
        <sunshineduration></sunshineduration>
        <globalradiation></globalradiation>
    </station>
    <station>
        <name>Tõlliste</name>
        <wmocode>41067</wmocode>
        <longitude>26.13251861081744</longitude>
        <latitude>57.85106888890267</latitude>
        <phenomenon></phenomenon>
        <visibility></visibility>
        <precipitations>0</precipitations>
        <airpressure></airpressure>
        <relativehumidity></relativehumidity>
        <airtemperature>6.7</airtemperature>
        <winddirection></winddirection>
        <windspeed></windspeed>
        <windspeedmax></windspeedmax>
        <waterlevel>186</waterlevel>
        <waterlevel_eh2000></waterlevel_eh2000>
        <watertemperature>6.8</watertemperature>
        <uvindex></uvindex>
        <sunshineduration></sunshineduration>
        <globalradiation></globalradiation>
    </station>
    <station>
        <name>Tänassilma</name>
        <wmocode>41070</wmocode>
        <longitude>25.8221172214835</longitude>
        <latitude>58.39490194393309</latitude>
        <phenomenon></phenomenon>
        <visibility></visibility>
        <precipitations></precipitations>
        <airpressure></airpressure>
        <relativehumidity></relativehumidity>
        <airtemperature>6.1</airtemperature>
        <winddirection></winddirection>
        <windspeed></windspeed>
        <windspeedmax></windspeedmax>
        <waterlevel>76</waterlevel>
        <waterlevel_eh2000></waterlevel_eh2000>
        <watertemperature>5.9</watertemperature>
        <uvindex></uvindex>
        <sunshineduration></sunshineduration>
        <globalradiation></globalradiation>
    </station>
    <station>
        <name>Lüganuse</name>
        <wmocode>41074</wmocode>
        <longitude>27.039065832758403</longitude>
        <latitude>59.383860277432</latitude>
        <phenomenon></phenomenon>
        <visibility></visibility>
        <precipitations></precipitations>
        <airpressure></airpressure>
        <relativehumidity></relativehumidity>
        <airtemperature>7.3</airtemperature>
        <winddirection></winddirection>
        <windspeed></windspeed>
        <windspeedmax></windspeedmax>
        <waterlevel>94</waterlevel>
        <waterlevel_eh2000></waterlevel_eh2000>
        <watertemperature>5.8</watertemperature>
        <uvindex></uvindex>
        <sunshineduration></sunshineduration>
        <globalradiation></globalradiation>
    </station>
    <station>
        <name>Sämi</name>
        <wmocode>41077</wmocode>
        <longitude>26.58277166617802</longitude>
        <latitude>59.37307805471511</latitude>
        <phenomenon></phenomenon>
        <visibility></visibility>
        <precipitations>0.1</precipitations>
        <airpressure></airpressure>
        <relativehumidity></relativehumidity>
        <airtemperature>7</airtemperature>
        <winddirection></winddirection>
        <windspeed></windspeed>
        <windspeedmax></windspeedmax>
        <waterlevel>215</waterlevel>
        <waterlevel_eh2000></waterlevel_eh2000>
        <watertemperature>6.3</watertemperature>
        <uvindex></uvindex>
        <sunshineduration></sunshineduration>
        <globalradiation></globalradiation>
    </station>
    <station>
        <name>Arbavere</name>
        <wmocode>41080</wmocode>
        <longitude>25.963535555733575</longitude>
        <latitude>59.44004083282198</latitude>
        <phenomenon></phenomenon>
        <visibility></visibility>
        <precipitations></precipitations>
        <airpressure></airpressure>
        <relativehumidity></relativehumidity>
        <airtemperature>6.4</airtemperature>
        <winddirection></winddirection>
        <windspeed></windspeed>
        <windspeedmax></windspeedmax>
        <waterlevel>96</waterlevel>
        <waterlevel_eh2000></waterlevel_eh2000>
        <watertemperature>6.1</watertemperature>
        <uvindex></uvindex>
        <sunshineduration></sunshineduration>
        <globalradiation></globalradiation>
    </station>
    <station>
        <name>Elu</name>
        <wmocode>41080</wmocode>
        <longitude>22.697378610701485</longitude>
        <latitude>58.51293000009325</latitude>
        <phenomenon></phenomenon>
        <visibility></visibility>
        <precipitations></precipitations>
        <airpressure></airpressure>
        <relativehumidity></relativehumidity>
        <airtemperature>7.9</airtemperature>
        <winddirection></winddirection>
        <windspeed></windspeed>
        <windspeedmax></windspeedmax>
        <waterlevel>49</waterlevel>
        <waterlevel_eh2000></waterlevel_eh2000>
        <watertemperature>6.5</watertemperature>
        <uvindex></uvindex>
        <sunshineduration></sunshineduration>
        <globalradiation></globalradiation>
    </station>
    <station>
        <name>Uue-Lõve II</name>
        <wmocode>41080</wmocode>
        <longitude>23.425647222064182</longitude>
        <latitude>58.90451111104753</latitude>
        <phenomenon></phenomenon>
        <visibility></visibility>
        <precipitations></precipitations>
        <airpressure></airpressure>
        <relativehumidity></relativehumidity>
        <airtemperature>7.8</airtemperature>
        <winddirection></winddirection>
        <windspeed></windspeed>
        <windspeedmax></windspeedmax>
        <waterlevel>58</waterlevel>
        <waterlevel_eh2000></waterlevel_eh2000>
        <watertemperature>6.7</watertemperature>
        <uvindex></uvindex>
        <sunshineduration></sunshineduration>
        <globalradiation></globalradiation>
    </station>
    <station>
        <name>Vanaküla</name>
        <wmocode>41082</wmocode>
        <longitude>25.789245555332425</longitude>
        <latitude>59.467782777146084</latitude>
        <phenomenon></phenomenon>
        <visibility></visibility>
        <precipitations>0.1</precipitations>
        <airpressure></airpressure>
        <relativehumidity></relativehumidity>
        <airtemperature>6.5</airtemperature>
        <winddirection></winddirection>
        <windspeed></windspeed>
        <windspeedmax></windspeedmax>
        <waterlevel>55</waterlevel>
        <waterlevel_eh2000></waterlevel_eh2000>
        <watertemperature>5.9</watertemperature>
        <uvindex></uvindex>
        <sunshineduration></sunshineduration>
        <globalradiation></globalradiation>
    </station>
    <station>
        <name>Keila</name>
        <wmocode>41107</wmocode>
        <longitude>24.43470638851105</longitude>
        <latitude>59.308790833155314</latitude>
        <phenomenon></phenomenon>
        <visibility></visibility>
        <precipitations></precipitations>
        <airpressure></airpressure>
        <relativehumidity></relativehumidity>
        <airtemperature>5.8</airtemperature>
        <winddirection></winddirection>
        <windspeed></windspeed>
        <windspeedmax></windspeedmax>
        <waterlevel>135</waterlevel>
        <waterlevel_eh2000></waterlevel_eh2000>
        <watertemperature>5.7</watertemperature>
        <uvindex></uvindex>
        <sunshineduration></sunshineduration>
        <globalradiation></globalradiation>
    </station>
    <station>
        <name>Vihterpalu</name>
        <wmocode>41110</wmocode>
        <longitude>23.86654861132304</longitude>
        <latitude>59.252109722163944</latitude>
        <phenomenon></phenomenon>
        <visibility></visibility>
        <precipitations>0</precipitations>
        <airpressure></airpressure>
        <relativehumidity>87</relativehumidity>
        <airtemperature>6.2</airtemperature>
        <winddirection></winddirection>
        <windspeed></windspeed>
        <windspeedmax></windspeedmax>
        <waterlevel>152</waterlevel>
        <waterlevel_eh2000></waterlevel_eh2000>
        <watertemperature>3.5</watertemperature>
        <uvindex></uvindex>
        <sunshineduration></sunshineduration>
        <globalradiation></globalradiation>
    </station>
    <station>
        <name>Kasari</name>
        <wmocode>41112</wmocode>
        <longitude>23.99693000018377</longitude>
        <latitude>58.72663361058856</latitude>
        <phenomenon></phenomenon>
        <visibility></visibility>
        <precipitations>0</precipitations>
        <airpressure></airpressure>
        <relativehumidity></relativehumidity>
        <airtemperature>5.4</airtemperature>
        <winddirection></winddirection>
        <windspeed></windspeed>
        <windspeedmax></windspeedmax>
        <waterlevel></waterlevel>
        <waterlevel_eh2000></waterlevel_eh2000>
        <watertemperature>5.6</watertemperature>
        <uvindex></uvindex>
        <sunshineduration></sunshineduration>
        <globalradiation></globalradiation>
    </station>
    <station>
        <name>Konuvere</name>
        <wmocode>41116</wmocode>
        <longitude>24.412883888880412</longitude>
        <latitude>58.80778277768029</latitude>
        <phenomenon></phenomenon>
        <visibility></visibility>
        <precipitations></precipitations>
        <airpressure></airpressure>
        <relativehumidity></relativehumidity>
        <airtemperature>5.6</airtemperature>
        <winddirection></winddirection>
        <windspeed></windspeed>
        <windspeedmax></windspeedmax>
        <waterlevel>103</waterlevel>
        <waterlevel_eh2000></waterlevel_eh2000>
        <watertemperature>5.7</watertemperature>
        <uvindex></uvindex>
        <sunshineduration></sunshineduration>
        <globalradiation></globalradiation>
    </station>
    <station>
        <name>Valgu</name>
        <wmocode>41117</wmocode>
        <longitude>24.645013610718436</longitude>
        <latitude>58.817888610491075</latitude>
        <phenomenon></phenomenon>
        <visibility></visibility>
        <precipitations></precipitations>
        <airpressure></airpressure>
        <relativehumidity></relativehumidity>
        <airtemperature>5.6</airtemperature>
        <winddirection></winddirection>
        <windspeed></windspeed>
        <windspeedmax></windspeedmax>
        <waterlevel>75</waterlevel>
        <waterlevel_eh2000></waterlevel_eh2000>
        <watertemperature>4.9</watertemperature>
        <uvindex></uvindex>
        <sunshineduration></sunshineduration>
        <globalradiation></globalradiation>
    </station>
    <station>
        <name>Tahkuse</name>
        <wmocode>41126</wmocode>
        <longitude>24.91576916694641</longitude>
        <latitude>58.51849083264229</latitude>
        <phenomenon></phenomenon>
        <visibility></visibility>
        <precipitations></precipitations>
        <airpressure></airpressure>
        <relativehumidity></relativehumidity>
        <airtemperature></airtemperature>
        <winddirection></winddirection>
        <windspeed></windspeed>
        <windspeedmax></windspeedmax>
        <waterlevel></waterlevel>
        <waterlevel_eh2000></waterlevel_eh2000>
        <watertemperature></watertemperature>
        <uvindex></uvindex>
        <sunshineduration></sunshineduration>
        <globalradiation></globalradiation>
    </station>
    <station>
        <name>Oore</name>
        <wmocode>41127</wmocode>
        <longitude>24.76766888823335</longitude>
        <latitude>58.463252777523465</latitude>
        <phenomenon></phenomenon>
        <visibility></visibility>
        <precipitations></precipitations>
        <airpressure></airpressure>
        <relativehumidity></relativehumidity>
        <airtemperature>5.3</airtemperature>
        <winddirection></winddirection>
        <windspeed></windspeed>
        <windspeedmax></windspeedmax>
        <waterlevel>143</waterlevel>
        <waterlevel_eh2000></waterlevel_eh2000>
        <watertemperature>6</watertemperature>
        <uvindex></uvindex>
        <sunshineduration></sunshineduration>
        <globalradiation></globalradiation>
    </station>
    <station>
        <name>Aesoo</name>
        <wmocode>41137</wmocode>
        <longitude>25.06182583385044</longitude>
        <latitude>58.51530305544535</latitude>
        <phenomenon></phenomenon>
        <visibility></visibility>
        <precipitations></precipitations>
        <airpressure></airpressure>
        <relativehumidity></relativehumidity>
        <airtemperature>5.5</airtemperature>
        <winddirection></winddirection>
        <windspeed></windspeed>
        <windspeedmax></windspeedmax>
        <waterlevel>107</waterlevel>
        <waterlevel_eh2000></waterlevel_eh2000>
        <watertemperature>5.5</watertemperature>
        <uvindex></uvindex>
        <sunshineduration></sunshineduration>
        <globalradiation></globalradiation>
    </station>
    <station>
        <name>Riisa</name>
        <wmocode>41140</wmocode>
        <longitude>24.994434444306087</longitude>
        <latitude>58.47972666567787</latitude>
        <phenomenon></phenomenon>
        <visibility></visibility>
        <precipitations>0</precipitations>
        <airpressure></airpressure>
        <relativehumidity></relativehumidity>
        <airtemperature>5.3</airtemperature>
        <winddirection></winddirection>
        <windspeed></windspeed>
        <windspeedmax></windspeedmax>
        <waterlevel>146</waterlevel>
        <waterlevel_eh2000></waterlevel_eh2000>
        <watertemperature>5.8</watertemperature>
        <uvindex></uvindex>
        <sunshineduration></sunshineduration>
        <globalradiation></globalradiation>
    </station>
    <station>
        <name>Kloostrimetsa</name>
        <wmocode>41157</wmocode>
        <longitude>24.879519443904936</longitude>
        <latitude>59.46629111078051</latitude>
        <phenomenon></phenomenon>
        <visibility></visibility>
        <precipitations></precipitations>
        <airpressure></airpressure>
        <relativehumidity></relativehumidity>
        <airtemperature>6</airtemperature>
        <winddirection></winddirection>
        <windspeed></windspeed>
        <windspeedmax></windspeedmax>
        <waterlevel>136</waterlevel>
        <waterlevel_eh2000></waterlevel_eh2000>
        <watertemperature>5.5</watertemperature>
        <uvindex></uvindex>
        <sunshineduration></sunshineduration>
        <globalradiation></globalradiation>
    </station>
    <station>
        <name>Kaansoo</name>
        <wmocode>41174</wmocode>
        <longitude>25.221698610380866</longitude>
        <latitude>58.577202499570696</latitude>
        <phenomenon></phenomenon>
        <visibility></visibility>
        <precipitations></precipitations>
        <airpressure></airpressure>
        <relativehumidity></relativehumidity>
        <airtemperature>5.8</airtemperature>
        <winddirection></winddirection>
        <windspeed></windspeed>
        <windspeedmax></windspeedmax>
        <waterlevel>112</waterlevel>
        <waterlevel_eh2000></waterlevel_eh2000>
        <watertemperature>5.8</watertemperature>
        <uvindex></uvindex>
        <sunshineduration></sunshineduration>
        <globalradiation></globalradiation>
    </station>
    <station>
        <name>Pajusi</name>
        <wmocode>41175</wmocode>
        <longitude>25.927791943413265</longitude>
        <latitude>58.70324777788586</latitude>
        <phenomenon></phenomenon>
        <visibility></visibility>
        <precipitations>0</precipitations>
        <airpressure></airpressure>
        <relativehumidity></relativehumidity>
        <airtemperature>5.6</airtemperature>
        <winddirection></winddirection>
        <windspeed></windspeed>
        <windspeedmax></windspeedmax>
        <waterlevel>154</waterlevel>
        <waterlevel_eh2000></waterlevel_eh2000>
        <watertemperature>5.8</watertemperature>
        <uvindex></uvindex>
        <sunshineduration></sunshineduration>
        <globalradiation></globalradiation>
    </station>
    <station>
        <name>Roosisaare</name>
        <wmocode>41191</wmocode>
        <longitude>26.980847221343627</longitude>
        <latitude>57.84683027763942</latitude>
        <phenomenon></phenomenon>
        <visibility></visibility>
        <precipitations></precipitations>
        <airpressure></airpressure>
        <relativehumidity></relativehumidity>
        <airtemperature>6.5</airtemperature>
        <winddirection></winddirection>
        <windspeed></windspeed>
        <windspeedmax></windspeedmax>
        <waterlevel>142</waterlevel>
        <waterlevel_eh2000></waterlevel_eh2000>
        <watertemperature>6.5</watertemperature>
        <uvindex></uvindex>
        <sunshineduration></sunshineduration>
        <globalradiation></globalradiation>
    </station>
    <station>
        <name>Kirumpää</name>
        <wmocode>41192</wmocode>
        <longitude>26.993284444475627</longitude>
        <latitude>57.866021944681805</latitude>
        <phenomenon></phenomenon>
        <visibility></visibility>
        <precipitations></precipitations>
        <airpressure></airpressure>
        <relativehumidity></relativehumidity>
        <airtemperature>6.5</airtemperature>
        <winddirection></winddirection>
        <windspeed></windspeed>
        <windspeedmax></windspeedmax>
        <waterlevel>109</waterlevel>
        <waterlevel_eh2000></waterlevel_eh2000>
        <watertemperature>5</watertemperature>
        <uvindex></uvindex>
        <sunshineduration></sunshineduration>
        <globalradiation></globalradiation>
    </station>
    <station>
        <name>Varangu</name>
        <wmocode>41201</wmocode>
        <longitude>26.351556388934455</longitude>
        <latitude>59.47222111052498</latitude>
        <phenomenon></phenomenon>
        <visibility></visibility>
        <precipitations></precipitations>
        <airpressure></airpressure>
        <relativehumidity></relativehumidity>
        <airtemperature>6.8</airtemperature>
        <winddirection></winddirection>
        <windspeed></windspeed>
        <windspeedmax></windspeedmax>
        <waterlevel>66</waterlevel>
        <waterlevel_eh2000></waterlevel_eh2000>
        <watertemperature>6.9</watertemperature>
        <uvindex></uvindex>
        <sunshineduration></sunshineduration>
        <globalradiation></globalradiation>
    </station>
    <station>
        <name>Taheva</name>
        <wmocode>41195</wmocode>
        <longitude>26.349382777410536</longitude>
        <latitude>57.59846638858099</latitude>
        <phenomenon></phenomenon>
        <visibility></visibility>
        <precipitations></precipitations>
        <airpressure></airpressure>
        <relativehumidity></relativehumidity>
        <airtemperature>6.8</airtemperature>
        <winddirection></winddirection>
        <windspeed></windspeed>
        <windspeedmax></windspeedmax>
        <waterlevel>254</waterlevel>
        <waterlevel_eh2000></waterlevel_eh2000>
        <watertemperature></watertemperature>
        <uvindex></uvindex>
        <sunshineduration></sunshineduration>
        <globalradiation></globalradiation>
    </station>
    <station>
        <name>Laadi</name>
        <wmocode>41197</wmocode>
        <longitude>24.64676805568846</longitude>
        <latitude>58.26744583268521</latitude>
        <phenomenon></phenomenon>
        <visibility></visibility>
        <precipitations></precipitations>
        <airpressure></airpressure>
        <relativehumidity></relativehumidity>
        <airtemperature>5.2</airtemperature>
        <winddirection></winddirection>
        <windspeed></windspeed>
        <windspeedmax></windspeedmax>
        <waterlevel>121</waterlevel>
        <waterlevel_eh2000></waterlevel_eh2000>
        <watertemperature>6.3</watertemperature>
        <uvindex></uvindex>
        <sunshineduration></sunshineduration>
        <globalradiation></globalradiation>
    </station>
    <station>
        <name>Audru</name>
        <wmocode>41196</wmocode>
        <longitude>24.31886861045716</longitude>
        <latitude>58.423463332781104</latitude>
        <phenomenon></phenomenon>
        <visibility></visibility>
        <precipitations></precipitations>
        <airpressure></airpressure>
        <relativehumidity></relativehumidity>
        <airtemperature>5.4</airtemperature>
        <winddirection></winddirection>
        <windspeed></windspeed>
        <windspeedmax></windspeedmax>
        <waterlevel>136</waterlevel>
        <waterlevel_eh2000></waterlevel_eh2000>
        <watertemperature>5.3</watertemperature>
        <uvindex></uvindex>
        <sunshineduration></sunshineduration>
        <globalradiation></globalradiation>
    </station>
    <station>
        <name>Nurme</name>
        <wmocode>41198</wmocode>
        <longitude>24.497713333432333</longitude>
        <latitude>58.44631888886073</latitude>
        <phenomenon></phenomenon>
        <visibility></visibility>
        <precipitations></precipitations>
        <airpressure></airpressure>
        <relativehumidity></relativehumidity>
        <airtemperature>5.3</airtemperature>
        <winddirection></winddirection>
        <windspeed></windspeed>
        <windspeedmax></windspeedmax>
        <waterlevel>132</waterlevel>
        <waterlevel_eh2000></waterlevel_eh2000>
        <watertemperature>6.4</watertemperature>
        <uvindex></uvindex>
        <sunshineduration></sunshineduration>
        <globalradiation></globalradiation>
    </station>
    <station>
        <name>Tarvastu</name>
        <wmocode>41199</wmocode>
        <longitude>25.88436888853489</longitude>
        <latitude>58.22874111002907</latitude>
        <phenomenon></phenomenon>
        <visibility></visibility>
        <precipitations></precipitations>
        <airpressure></airpressure>
        <relativehumidity></relativehumidity>
        <airtemperature>6.2</airtemperature>
        <winddirection></winddirection>
        <windspeed></windspeed>
        <windspeedmax></windspeedmax>
        <waterlevel>81</waterlevel>
        <waterlevel_eh2000></waterlevel_eh2000>
        <watertemperature>7.2</watertemperature>
        <uvindex></uvindex>
        <sunshineduration></sunshineduration>
        <globalradiation></globalradiation>
    </station>
    <station>
        <name>Narva Karjääri</name>
        <wmocode>41200</wmocode>
        <longitude>27.857163333363005</longitude>
        <latitude>59.26727416601007</latitude>
        <phenomenon></phenomenon>
        <visibility></visibility>
        <precipitations></precipitations>
        <airpressure></airpressure>
        <relativehumidity></relativehumidity>
        <airtemperature>7.1</airtemperature>
        <winddirection></winddirection>
        <windspeed></windspeed>
        <windspeedmax></windspeedmax>
        <waterlevel>124</waterlevel>
        <waterlevel_eh2000></waterlevel_eh2000>
        <watertemperature>6.2</watertemperature>
        <uvindex></uvindex>
        <sunshineduration></sunshineduration>
        <globalradiation></globalradiation>
    </station>
    <station>
        <name>Kulgu sadam</name>
        <wmocode>41905</wmocode>
        <longitude>28.17260499940539</longitude>
        <latitude>59.343575833305174</latitude>
        <phenomenon></phenomenon>
        <visibility></visibility>
        <precipitations></precipitations>
        <airpressure></airpressure>
        <relativehumidity></relativehumidity>
        <airtemperature>5.9</airtemperature>
        <winddirection></winddirection>
        <windspeed></windspeed>
        <windspeedmax></windspeedmax>
        <waterlevel>201</waterlevel>
        <waterlevel_eh2000></waterlevel_eh2000>
        <watertemperature>4.3</watertemperature>
        <uvindex></uvindex>
        <sunshineduration></sunshineduration>
        <globalradiation></globalradiation>
    </station>
    <station>
        <name>Mehikoorma</name>
        <wmocode>41920</wmocode>
        <longitude>27.47482499956645</longitude>
        <latitude>58.23774805512473</latitude>
        <phenomenon></phenomenon>
        <visibility></visibility>
        <precipitations></precipitations>
        <airpressure></airpressure>
        <relativehumidity></relativehumidity>
        <airtemperature>7.9</airtemperature>
        <winddirection></winddirection>
        <windspeed></windspeed>
        <windspeedmax></windspeedmax>
        <waterlevel>225</waterlevel>
        <waterlevel_eh2000></waterlevel_eh2000>
        <watertemperature></watertemperature>
        <uvindex></uvindex>
        <sunshineduration></sunshineduration>
        <globalradiation></globalradiation>
    </station>
    <station>
        <name>Praaga</name>
        <wmocode>41922</wmocode>
        <longitude>27.235443610811686</longitude>
        <latitude>58.43629722191008</latitude>
        <phenomenon></phenomenon>
        <visibility></visibility>
        <precipitations></precipitations>
        <airpressure></airpressure>
        <relativehumidity></relativehumidity>
        <airtemperature>7.3</airtemperature>
        <winddirection></winddirection>
        <windspeed></windspeed>
        <windspeedmax></windspeedmax>
        <waterlevel>224</waterlevel>
        <waterlevel_eh2000></waterlevel_eh2000>
        <watertemperature>6.2</watertemperature>
        <uvindex></uvindex>
        <sunshineduration></sunshineduration>
        <globalradiation></globalradiation>
    </station>
    <station>
        <name>Mustvee</name>
        <wmocode>41925</wmocode>
        <longitude>26.952581388950346</longitude>
        <latitude>58.84697749952255</latitude>
        <phenomenon></phenomenon>
        <visibility></visibility>
        <precipitations></precipitations>
        <airpressure></airpressure>
        <relativehumidity></relativehumidity>
        <airtemperature>7.2</airtemperature>
        <winddirection>247</winddirection>
        <windspeed>6.7</windspeed>
        <windspeedmax>9.3</windspeedmax>
        <waterlevel>223</waterlevel>
        <waterlevel_eh2000></waterlevel_eh2000>
        <watertemperature>4.9</watertemperature>
        <uvindex></uvindex>
        <sunshineduration></sunshineduration>
        <globalradiation></globalradiation>
    </station>
    <station>
        <name>Kuningaküla</name>
        <wmocode>41203</wmocode>
        <longitude>27.803936111132305</longitude>
        <latitude>59.124454165957616</latitude>
        <phenomenon></phenomenon>
        <visibility></visibility>
        <precipitations></precipitations>
        <airpressure></airpressure>
        <relativehumidity></relativehumidity>
        <airtemperature>6.9</airtemperature>
        <winddirection></winddirection>
        <windspeed></windspeed>
        <windspeedmax></windspeedmax>
        <waterlevel>89</waterlevel>
        <waterlevel_eh2000></waterlevel_eh2000>
        <watertemperature>3.2</watertemperature>
        <uvindex></uvindex>
        <sunshineduration></sunshineduration>
        <globalradiation></globalradiation>
    </station>
    <station>
        <name>Koodu</name>
        <wmocode></wmocode>
        <longitude>24.209166666666665</longitude>
        <latitude>58.56972222155556</latitude>
        <phenomenon></phenomenon>
        <visibility></visibility>
        <precipitations>0</precipitations>
        <airpressure></airpressure>
        <relativehumidity></relativehumidity>
        <airtemperature>5.2</airtemperature>
        <winddirection></winddirection>
        <windspeed></windspeed>
        <windspeedmax></windspeedmax>
        <waterlevel></waterlevel>
        <waterlevel_eh2000></waterlevel_eh2000>
        <watertemperature></watertemperature>
        <uvindex></uvindex>
        <sunshineduration></sunshineduration>
        <globalradiation></globalradiation>
    </station>
    <station>
        <name>Massumõisa</name>
        <wmocode></wmocode>
        <longitude>25.707852777904932</longitude>
        <latitude>58.27987777749258</latitude>
        <phenomenon></phenomenon>
        <visibility></visibility>
        <precipitations></precipitations>
        <airpressure></airpressure>
        <relativehumidity></relativehumidity>
        <airtemperature></airtemperature>
        <winddirection></winddirection>
        <windspeed></windspeed>
        <windspeedmax></windspeedmax>
        <waterlevel></waterlevel>
        <waterlevel_eh2000></waterlevel_eh2000>
        <watertemperature></watertemperature>
        <uvindex></uvindex>
        <sunshineduration></sunshineduration>
        <globalradiation></globalradiation>
    </station>
    <station>
        <name>Tudu</name>
        <wmocode></wmocode>
        <longitude>26.85243611123827</longitude>
        <latitude>59.176313888095066</latitude>
        <phenomenon></phenomenon>
        <visibility></visibility>
        <precipitations>0.1</precipitations>
        <airpressure></airpressure>
        <relativehumidity></relativehumidity>
        <airtemperature>6.6</airtemperature>
        <winddirection></winddirection>
        <windspeed></windspeed>
        <windspeedmax></windspeedmax>
        <waterlevel></waterlevel>
        <waterlevel_eh2000></waterlevel_eh2000>
        <watertemperature></watertemperature>
        <uvindex></uvindex>
        <sunshineduration></sunshineduration>
        <globalradiation></globalradiation>
    </station>
    <station>
        <name>Otepää</name>
        <wmocode></wmocode>
        <longitude>26.50656944433848</longitude>
        <latitude>58.03926111082016</latitude>
        <phenomenon></phenomenon>
        <visibility></visibility>
        <precipitations>0</precipitations>
        <airpressure></airpressure>
        <relativehumidity></relativehumidity>
        <airtemperature>5.8</airtemperature>
        <winddirection></winddirection>
        <windspeed></windspeed>
        <windspeedmax></windspeedmax>
        <waterlevel></waterlevel>
        <waterlevel_eh2000></waterlevel_eh2000>
        <watertemperature></watertemperature>
        <uvindex></uvindex>
        <sunshineduration></sunshineduration>
        <globalradiation></globalradiation>
    </station>
    <station>
        <name>Tuulemäe</name>
        <wmocode></wmocode>
        <longitude>27.097177777486827</longitude>
        <latitude>57.63490555517984</latitude>
        <phenomenon></phenomenon>
        <visibility></visibility>
        <precipitations>0.3</precipitations>
        <airpressure></airpressure>
        <relativehumidity></relativehumidity>
        <airtemperature>5.2</airtemperature>
        <winddirection></winddirection>
        <windspeed></windspeed>
        <windspeedmax></windspeedmax>
        <waterlevel></waterlevel>
        <waterlevel_eh2000></waterlevel_eh2000>
        <watertemperature></watertemperature>
        <uvindex></uvindex>
        <sunshineduration></sunshineduration>
        <globalradiation></globalradiation>
    </station>
</observations>